2015-10-25 20:33:03,835 [AWT-EventQueue-0] DEBUG org.hibernate.engine.jdbc.spi.SqlStatementLogger:104 - select tela0_.id as id1_20_0_, tela0_.descricao as descrica2_20_0_ from chamados.tela tela0_ where tela0_.id=?
2015-10-25 20:33:03,835 [AWT-EventQueue-0] DEBUG org.hibernate.engine.jdbc.spi.SqlStatementLogger:104 - select tela0_.id as id1_20_0_, tela0_.descricao as descrica2_20_0_ from chamados.tela tela0_ where tela0_.id=?
2015-10-25 20:33:03,835 [AWT-EventQueue-0] DEBUG org.hibernate.engine.jdbc.spi.SqlStatementLogger:104 - select tela0_.id as id1_20_0_, tela0_.descricao as descrica2_20_0_ from chamados.tela tela0_ where tela0_.id=?
2015-10-25 20:33:03,851 [AWT-EventQueue-0] DEBUG org.hibernate.engine.jdbc.spi.SqlStatementLogger:104 - select tela0_.id as id1_20_0_, tela0_.descricao as descrica2_20_0_ from chamados.tela tela0_ where tela0_.id=?
2015-10-25 20:33:03,851 [AWT-EventQueue-0] DEBUG org.hibernate.engine.jdbc.spi.SqlStatementLogger:104 - select tela0_.id as id1_20_0_, tela0_.descricao as descrica2_20_0_ from chamados.tela tela0_ where tela0_.id=?
2015-10-25 20:33:03,851 [AWT-EventQueue-0] DEBUG org.hibernate.engine.jdbc.spi.SqlStatementLogger:104 - select tela0_.id as id1_20_0_, tela0_.descricao as descrica2_20_0_ from chamados.tela tela0_ where tela0_.id=?
2015-10-25 20:33:03,851 [AWT-EventQueue-0] DEBUG org.hibernate.engine.jdbc.spi.SqlStatementLogger:104 - select permissoes0_.id as id1_15_, permissoes0_.tela_id as tela_id2_15_, permissoes0_.usuario_id as usuario_3_15_, permissoes0_.alterar as alterar4_15_, permissoes0_.inserir as inserir5_15_, permissoes0_.deletar as deletar6_15_, permissoes0_.consultar as consulta7_15_ from chamados.permissoes permissoes0_ where tela_id>=0 order by permissoes0_.id
2015-10-25 20:33:03,866 [AWT-EventQueue-0] DEBUG org.hibernate.engine.jdbc.spi.SqlStatementLogger:104 - select count(*) as col_0_0_ from chamados.permissoes permissoes0_ where tela_id=1
2015-10-25 20:33:03,866 [AWT-EventQueue-0] DEBUG org.hibernate.engine.jdbc.spi.SqlStatementLogger:104 - select permissoes0_.id as id1_15_, permissoes0_.tela_id as tela_id2_15_, permissoes0_.usuario_id as usuario_3_15_, permissoes0_.alterar as alterar4_15_, permissoes0_.inserir as inserir5_15_, permissoes0_.deletar as deletar6_15_, permissoes0_.consultar as consulta7_15_ from chamados.permissoes permissoes0_ where tela_id=1
2015-10-25 20:33:03,882 [AWT-EventQueue-0] DEBUG org.hibernate.engine.jdbc.spi.SqlStatementLogger:104 - select funcionari0_.usuario_id as usuario_6_21_1_, funcionari0_.id as id1_10_1_, funcionari0_.id as id1_10_0_, funcionari0_.empresa_id as empresa_2_10_0_, funcionari0_.funcao_id as funcao_i3_10_0_, funcionari0_.pessoa_id as pessoa_i4_10_0_, funcionari0_.setor_id as setor_id5_10_0_, funcionari0_.usuario_id as usuario_6_10_0_, funcionari0_.data_admicao as data_adm7_10_0_, funcionari0_.data_desligamento as data_des8_10_0_ from chamados.funcionario funcionari0_ where funcionari0_.usuario_id=?
2015-10-25 20:33:03,898 [AWT-EventQueue-0] DEBUG org.hibernate.engine.jdbc.spi.SqlStatementLogger:104 - select pessoa0_.id as id1_16_0_, pessoa0_.cidade_id as cidade_i2_16_0_, pessoa0_.nome as nome3_16_0_, pessoa0_.idade as idade4_16_0_, pessoa0_.data_nascimento as data_nas5_16_0_, pessoa0_.email as email6_16_0_, pessoa0_.telefone as telefone7_16_0_, pessoa0_.cpf as cpf8_16_0_, pessoa0_.rg as rg9_16_0_ from chamados.pessoa pessoa0_ where pessoa0_.id=?
2015-10-25 20:57:47,607 [AWT-EventQueue-0]  WARN org.hibernate.internal.util.xml.DTDEntityResolver:74 - HHH000223: Recognized obsolete hibernate namespace http://hibernate.sourceforge.net/. Use namespace http://www.hibernate.org/dtd/ instead. Refer to Hibernate 3.6 Migration Guide!
2015-10-25 20:57:49,793 [AWT-EventQueue-0] DEBUG org.hibernate.engine.jdbc.spi.SqlStatementLogger:104 - select usuario0_.id as id1_21_, usuario0_.login as login2_21_, usuario0_.senha as senha3_21_ from chamados.usuario usuario0_ where usuario0_.login='admin' and usuario0_.senha='admin'
2015-10-25 20:57:49,918 [AWT-EventQueue-0] DEBUG org.hibernate.engine.jdbc.spi.SqlStatementLogger:104 - select permissoes0_.id as id1_15_, permissoes0_.tela_id as tela_id2_15_, permissoes0_.usuario_id as usuario_3_15_, permissoes0_.alterar as alterar4_15_, permissoes0_.inserir as inserir5_15_, permissoes0_.deletar as deletar6_15_, permissoes0_.consultar as consulta7_15_ from chamados.permissoes permissoes0_ where permissoes0_.usuario_id=1
2015-10-25 20:57:51,615 [AWT-EventQueue-0] DEBUG org.hibernate.engine.jdbc.spi.SqlStatementLogger:104 - select tela0_.id as id1_20_0_, tela0_.descricao as descrica2_20_0_ from chamados.tela tela0_ where tela0_.id=?
2015-10-25 20:57:51,631 [AWT-EventQueue-0] DEBUG org.hibernate.engine.jdbc.spi.SqlStatementLogger:104 - select tela0_.id as id1_20_0_, tela0_.descricao as descrica2_20_0_ from chamados.tela tela0_ where tela0_.id=?
2015-10-25 20:57:51,631 [AWT-EventQueue-0] DEBUG org.hibernate.engine.jdbc.spi.SqlStatementLogger:104 - select tela0_.id as id1_20_0_, tela0_.descricao as descrica2_20_0_ from chamados.tela tela0_ where tela0_.id=?
2015-10-25 20:57:51,631 [AWT-EventQueue-0] DEBUG org.hibernate.engine.jdbc.spi.SqlStatementLogger:104 - select tela0_.id as id1_20_0_, tela0_.descricao as descrica2_20_0_ from chamados.tela tela0_ where tela0_.id=?
2015-10-25 20:57:51,631 [AWT-EventQueue-0] DEBUG org.hibernate.engine.jdbc.spi.SqlStatementLogger:104 - select tela0_.id as id1_20_0_, tela0_.descricao as descrica2_20_0_ from chamados.tela tela0_ where tela0_.id=?
2015-10-25 20:57:51,631 [AWT-EventQueue-0] DEBUG org.hibernate.engine.jdbc.spi.SqlStatementLogger:104 - select tela0_.id as id1_20_0_, tela0_.descricao as descrica2_20_0_ from chamados.tela tela0_ where tela0_.id=?
2015-10-25 20:57:51,631 [AWT-EventQueue-0] DEBUG org.hibernate.engine.jdbc.spi.SqlStatementLogger:104 - select tela0_.id as id1_20_0_, tela0_.descricao as descrica2_20_0_ from chamados.tela tela0_ where tela0_.id=?
2015-10-25 20:57:51,631 [AWT-EventQueue-0] DEBUG org.hibernate.engine.jdbc.spi.SqlStatementLogger:104 - select tela0_.id as id1_20_0_, tela0_.descricao as descrica2_20_0_ from chamados.tela tela0_ where tela0_.id=?
2015-10-25 20:57:51,631 [AWT-EventQueue-0] DEBUG org.hibernate.engine.jdbc.spi.SqlStatementLogger:104 - select tela0_.id as id1_20_0_, tela0_.descricao as descrica2_20_0_ from chamados.tela tela0_ where tela0_.id=?
2015-10-25 20:57:51,647 [AWT-EventQueue-0] DEBUG org.hibernate.engine.jdbc.spi.SqlStatementLogger:104 - select permissoes0_.id as id1_15_, permissoes0_.tela_id as tela_id2_15_, permissoes0_.usuario_id as usuario_3_15_, permissoes0_.alterar as alterar4_15_, permissoes0_.inserir as inserir5_15_, permissoes0_.deletar as deletar6_15_, permissoes0_.consultar as consulta7_15_ from chamados.permissoes permissoes0_ where tela_id>=0 order by permissoes0_.id
2015-10-25 20:57:51,662 [AWT-EventQueue-0] DEBUG org.hibernate.engine.jdbc.spi.SqlStatementLogger:104 - select count(*) as col_0_0_ from chamados.permissoes permissoes0_ where tela_id=1
2015-10-25 20:57:51,662 [AWT-EventQueue-0] DEBUG org.hibernate.engine.jdbc.spi.SqlStatementLogger:104 - select permissoes0_.id as id1_15_, permissoes0_.tela_id as tela_id2_15_, permissoes0_.usuario_id as usuario_3_15_, permissoes0_.alterar as alterar4_15_, permissoes0_.inserir as inserir5_15_, permissoes0_.deletar as deletar6_15_, permissoes0_.consultar as consulta7_15_ from chamados.permissoes permissoes0_ where tela_id=1
2015-10-25 20:57:51,678 [AWT-EventQueue-0] DEBUG org.hibernate.engine.jdbc.spi.SqlStatementLogger:104 - select funcionari0_.usuario_id as usuario_6_21_1_, funcionari0_.id as id1_10_1_, funcionari0_.id as id1_10_0_, funcionari0_.empresa_id as empresa_2_10_0_, funcionari0_.funcao_id as funcao_i3_10_0_, funcionari0_.pessoa_id as pessoa_i4_10_0_, funcionari0_.setor_id as setor_id5_10_0_, funcionari0_.usuario_id as usuario_6_10_0_, funcionari0_.data_admicao as data_adm7_10_0_, funcionari0_.data_desligamento as data_des8_10_0_ from chamados.funcionario funcionari0_ where funcionari0_.usuario_id=?
2015-10-25 20:57:51,694 [AWT-EventQueue-0] DEBUG org.hibernate.engine.jdbc.spi.SqlStatementLogger:104 - select pessoa0_.id as id1_16_0_, pessoa0_.cidade_id as cidade_i2_16_0_, pessoa0_.nome as nome3_16_0_, pessoa0_.idade as idade4_16_0_, pessoa0_.data_nascimento as data_nas5_16_0_, pessoa0_.email as email6_16_0_, pessoa0_.telefone as telefone7_16_0_, pessoa0_.cpf as cpf8_16_0_, pessoa0_.rg as rg9_16_0_ from chamados.pessoa pessoa0_ where pessoa0_.id=?
2015-10-25 20:58:36,954 [AWT-EventQueue-0]  WARN org.hibernate.internal.util.xml.DTDEntityResolver:74 - HHH000223: Recognized obsolete hibernate namespace http://hibernate.sourceforge.net/. Use namespace http://www.hibernate.org/dtd/ instead. Refer to Hibernate 3.6 Migration Guide!
2015-10-25 20:58:39,073 [AWT-EventQueue-0] DEBUG org.hibernate.engine.jdbc.spi.SqlStatementLogger:104 - select usuario0_.id as id1_21_, usuario0_.login as login2_21_, usuario0_.senha as senha3_21_ from chamados.usuario usuario0_ where usuario0_.login='admin' and usuario0_.senha='admin'
2015-10-25 20:58:39,186 [AWT-EventQueue-0] DEBUG org.hibernate.engine.jdbc.spi.SqlStatementLogger:104 - select permissoes0_.id as id1_15_, permissoes0_.tela_id as tela_id2_15_, permissoes0_.usuario_id as usuario_3_15_, permissoes0_.alterar as alterar4_15_, permissoes0_.inserir as inserir5_15_, permissoes0_.deletar as deletar6_15_, permissoes0_.consultar as consulta7_15_ from chamados.permissoes permissoes0_ where permissoes0_.usuario_id=1
2015-10-25 20:58:40,901 [AWT-EventQueue-0] DEBUG org.hibernate.engine.jdbc.spi.SqlStatementLogger:104 - select tela0_.id as id1_20_0_, tela0_.descricao as descrica2_20_0_ from chamados.tela tela0_ where tela0_.id=?
2015-10-25 20:58:40,901 [AWT-EventQueue-0] DEBUG org.hibernate.engine.jdbc.spi.SqlStatementLogger:104 - select tela0_.id as id1_20_0_, tela0_.descricao as descrica2_20_0_ from chamados.tela tela0_ where tela0_.id=?
2015-10-25 20:58:40,901 [AWT-EventQueue-0] DEBUG org.hibernate.engine.jdbc.spi.SqlStatementLogger:104 - select tela0_.id as id1_20_0_, tela0_.descricao as descrica2_20_0_ from chamados.tela tela0_ where tela0_.id=?
2015-10-25 20:58:40,901 [AWT-EventQueue-0] DEBUG org.hibernate.engine.jdbc.spi.SqlStatementLogger:104 - select tela0_.id as id1_20_0_, tela0_.descricao as descrica2_20_0_ from chamados.tela tela0_ where tela0_.id=?
2015-10-25 20:58:40,901 [AWT-EventQueue-0] DEBUG org.hibernate.engine.jdbc.spi.SqlStatementLogger:104 - select tela0_.id as id1_20_0_, tela0_.descricao as descrica2_20_0_ from chamados.tela tela0_ where tela0_.id=?
2015-10-25 20:58:40,901 [AWT-EventQueue-0] DEBUG org.hibernate.engine.jdbc.spi.SqlStatementLogger:104 - select tela0_.id as id1_20_0_, tela0_.descricao as descrica2_20_0_ from chamados.tela tela0_ where tela0_.id=?
2015-10-25 20:58:40,901 [AWT-EventQueue-0] DEBUG org.hibernate.engine.jdbc.spi.SqlStatementLogger:104 - select tela0_.id as id1_20_0_, tela0_.descricao as descrica2_20_0_ from chamados.tela tela0_ where tela0_.id=?
2015-10-25 20:58:40,916 [AWT-EventQueue-0] DEBUG org.hibernate.engine.jdbc.spi.SqlStatementLogger:104 - select tela0_.id as id1_20_0_, tela0_.descricao as descrica2_20_0_ from chamados.tela tela0_ where tela0_.id=?
2015-10-25 20:58:40,916 [AWT-EventQueue-0] DEBUG org.hibernate.engine.jdbc.spi.SqlStatementLogger:104 - select tela0_.id as id1_20_0_, tela0_.descricao as descrica2_20_0_ from chamados.tela tela0_ where tela0_.id=?
2015-10-25 20:58:40,916 [AWT-EventQueue-0] DEBUG org.hibernate.engine.jdbc.spi.SqlStatementLogger:104 - select permissoes0_.id as id1_15_, permissoes0_.tela_id as tela_id2_15_, permissoes0_.usuario_id as usuario_3_15_, permissoes0_.alterar as alterar4_15_, permissoes0_.inserir as inserir5_15_, permissoes0_.deletar as deletar6_15_, permissoes0_.consultar as consulta7_15_ from chamados.permissoes permissoes0_ where tela_id>=0 order by permissoes0_.id
2015-10-25 20:58:40,932 [AWT-EventQueue-0] DEBUG org.hibernate.engine.jdbc.spi.SqlStatementLogger:104 - select count(*) as col_0_0_ from chamados.permissoes permissoes0_ where tela_id=1
2015-10-25 20:58:40,932 [AWT-EventQueue-0] DEBUG org.hibernate.engine.jdbc.spi.SqlStatementLogger:104 - select permissoes0_.id as id1_15_, permissoes0_.tela_id as tela_id2_15_, permissoes0_.usuario_id as usuario_3_15_, permissoes0_.alterar as alterar4_15_, permissoes0_.inserir as inserir5_15_, permissoes0_.deletar as deletar6_15_, permissoes0_.consultar as consulta7_15_ from chamados.permissoes permissoes0_ where tela_id=1
2015-10-25 20:58:40,947 [AWT-EventQueue-0] DEBUG org.hibernate.engine.jdbc.spi.SqlStatementLogger:104 - select funcionari0_.usuario_id as usuario_6_21_1_, funcionari0_.id as id1_10_1_, funcionari0_.id as id1_10_0_, funcionari0_.empresa_id as empresa_2_10_0_, funcionari0_.funcao_id as funcao_i3_10_0_, funcionari0_.pessoa_id as pessoa_i4_10_0_, funcionari0_.setor_id as setor_id5_10_0_, funcionari0_.usuario_id as usuario_6_10_0_, funcionari0_.data_admicao as data_adm7_10_0_, funcionari0_.data_desligamento as data_des8_10_0_ from chamados.funcionario funcionari0_ where funcionari0_.usuario_id=?
2015-10-25 20:58:40,947 [AWT-EventQueue-0] DEBUG org.hibernate.engine.jdbc.spi.SqlStatementLogger:104 - select pessoa0_.id as id1_16_0_, pessoa0_.cidade_id as cidade_i2_16_0_, pessoa0_.nome as nome3_16_0_, pessoa0_.idade as idade4_16_0_, pessoa0_.data_nascimento as data_nas5_16_0_, pessoa0_.email as email6_16_0_, pessoa0_.telefone as telefone7_16_0_, pessoa0_.cpf as cpf8_16_0_, pessoa0_.rg as rg9_16_0_ from chamados.pessoa pessoa0_ where pessoa0_.id=?
2015-10-25 21:16:08,500 [AWT-EventQueue-0]  WARN org.hibernate.internal.util.xml.DTDEntityResolver:74 - HHH000223: Recognized obsolete hibernate namespace http://hibernate.sourceforge.net/. Use namespace http://www.hibernate.org/dtd/ instead. Refer to Hibernate 3.6 Migration Guide!
2015-10-25 21:16:11,785 [AWT-EventQueue-0] DEBUG org.hibernate.engine.jdbc.spi.SqlStatementLogger:104 - select usuario0_.id as id1_21_, usuario0_.login as login2_21_, usuario0_.senha as senha3_21_ from chamados.usuario usuario0_ where usuario0_.login='admin' and usuario0_.senha='admin'
2015-10-25 21:16:11,863 [AWT-EventQueue-0] DEBUG org.hibernate.engine.jdbc.spi.SqlStatementLogger:104 - select permissoes0_.id as id1_15_, permissoes0_.tela_id as tela_id2_15_, permissoes0_.usuario_id as usuario_3_15_, permissoes0_.alterar as alterar4_15_, permissoes0_.inserir as inserir5_15_, permissoes0_.deletar as deletar6_15_, permissoes0_.consultar as consulta7_15_ from chamados.permissoes permissoes0_ where permissoes0_.usuario_id=1
2015-10-25 21:16:19,544 [AWT-EventQueue-0] DEBUG org.hibernate.engine.jdbc.spi.SqlStatementLogger:104 - select tela0_.id as id1_20_0_, tela0_.descricao as descrica2_20_0_ from chamados.tela tela0_ where tela0_.id=?
2015-10-25 21:16:19,544 [AWT-EventQueue-0] DEBUG org.hibernate.engine.jdbc.spi.SqlStatementLogger:104 - select tela0_.id as id1_20_0_, tela0_.descricao as descrica2_20_0_ from chamados.tela tela0_ where tela0_.id=?
2015-10-25 21:16:19,544 [AWT-EventQueue-0] DEBUG org.hibernate.engine.jdbc.spi.SqlStatementLogger:104 - select tela0_.id as id1_20_0_, tela0_.descricao as descrica2_20_0_ from chamados.tela tela0_ where tela0_.id=?
2015-10-25 21:16:19,544 [AWT-EventQueue-0] DEBUG org.hibernate.engine.jdbc.spi.SqlStatementLogger:104 - select tela0_.id as id1_20_0_, tela0_.descricao as descrica2_20_0_ from chamados.tela tela0_ where tela0_.id=?
2015-10-25 21:16:19,544 [AWT-EventQueue-0] DEBUG org.hibernate.engine.jdbc.spi.SqlStatementLogger:104 - select tela0_.id as id1_20_0_, tela0_.descricao as descrica2_20_0_ from chamados.tela tela0_ where tela0_.id=?
2015-10-25 21:16:19,544 [AWT-EventQueue-0] DEBUG org.hibernate.engine.jdbc.spi.SqlStatementLogger:104 - select tela0_.id as id1_20_0_, tela0_.descricao as descrica2_20_0_ from chamados.tela tela0_ where tela0_.id=?
2015-10-25 21:16:19,544 [AWT-EventQueue-0] DEBUG org.hibernate.engine.jdbc.spi.SqlStatementLogger:104 - select tela0_.id as id1_20_0_, tela0_.descricao as descrica2_20_0_ from chamados.tela tela0_ where tela0_.id=?
2015-10-25 21:16:19,560 [AWT-EventQueue-0] DEBUG org.hibernate.engine.jdbc.spi.SqlStatementLogger:104 - select tela0_.id as id1_20_0_, tela0_.descricao as descrica2_20_0_ from chamados.tela tela0_ where tela0_.id=?
2015-10-25 21:16:19,560 [AWT-EventQueue-0] DEBUG org.hibernate.engine.jdbc.spi.SqlStatementLogger:104 - select tela0_.id as id1_20_0_, tela0_.descricao as descrica2_20_0_ from chamados.tela tela0_ where tela0_.id=?
2015-10-25 21:16:19,560 [AWT-EventQueue-0] DEBUG org.hibernate.engine.jdbc.spi.SqlStatementLogger:104 - select permissoes0_.id as id1_15_, permissoes0_.tela_id as tela_id2_15_, permissoes0_.usuario_id as usuario_3_15_, permissoes0_.alterar as alterar4_15_, permissoes0_.inserir as inserir5_15_, permissoes0_.deletar as deletar6_15_, permissoes0_.consultar as consulta7_15_ from chamados.permissoes permissoes0_ where tela_id>=0 order by permissoes0_.id
2015-10-25 21:16:19,575 [AWT-EventQueue-0] DEBUG org.hibernate.engine.jdbc.spi.SqlStatementLogger:104 - select count(*) as col_0_0_ from chamados.permissoes permissoes0_ where tela_id=1
2015-10-25 21:16:19,575 [AWT-EventQueue-0] DEBUG org.hibernate.engine.jdbc.spi.SqlStatementLogger:104 - select permissoes0_.id as id1_15_, permissoes0_.tela_id as tela_id2_15_, permissoes0_.usuario_id as usuario_3_15_, permissoes0_.alterar as alterar4_15_, permissoes0_.inserir as inserir5_15_, permissoes0_.deletar as deletar6_15_, permissoes0_.consultar as consulta7_15_ from chamados.permissoes permissoes0_ where tela_id=1
2015-10-25 21:16:19,591 [AWT-EventQueue-0] DEBUG org.hibernate.engine.jdbc.spi.SqlStatementLogger:104 - select funcionari0_.usuario_id as usuario_6_21_1_, funcionari0_.id as id1_10_1_, funcionari0_.id as id1_10_0_, funcionari0_.empresa_id as empresa_2_10_0_, funcionari0_.funcao_id as funcao_i3_10_0_, funcionari0_.pessoa_id as pessoa_i4_10_0_, funcionari0_.setor_id as setor_id5_10_0_, funcionari0_.usuario_id as usuario_6_10_0_, funcionari0_.data_admicao as data_adm7_10_0_, funcionari0_.data_desligamento as data_des8_10_0_ from chamados.funcionario funcionari0_ where funcionari0_.usuario_id=?
2015-10-25 21:16:19,638 [AWT-EventQueue-0] DEBUG org.hibernate.engine.jdbc.spi.SqlStatementLogger:104 - select pessoa0_.id as id1_16_0_, pessoa0_.cidade_id as cidade_i2_16_0_, pessoa0_.nome as nome3_16_0_, pessoa0_.idade as idade4_16_0_, pessoa0_.data_nascimento as data_nas5_16_0_, pessoa0_.email as email6_16_0_, pessoa0_.telefone as telefone7_16_0_, pessoa0_.cpf as cpf8_16_0_, pessoa0_.rg as rg9_16_0_ from chamados.pessoa pessoa0_ where pessoa0_.id=?
2015-10-25 21:49:37,145 [AWT-EventQueue-0]  WARN org.hibernate.internal.util.xml.DTDEntityResolver:74 - HHH000223: Recognized obsolete hibernate namespace http://hibernate.sourceforge.net/. Use namespace http://www.hibernate.org/dtd/ instead. Refer to Hibernate 3.6 Migration Guide!
2015-10-25 21:49:39,562 [AWT-EventQueue-0] DEBUG org.hibernate.engine.jdbc.spi.SqlStatementLogger:104 - select usuario0_.id as id1_21_, usuario0_.login as login2_21_, usuario0_.senha as senha3_21_ from chamados.usuario usuario0_ where usuario0_.login='admin' and usuario0_.senha='admin'
2015-10-25 21:49:39,672 [AWT-EventQueue-0] DEBUG org.hibernate.engine.jdbc.spi.SqlStatementLogger:104 - select permissoes0_.id as id1_15_, permissoes0_.tela_id as tela_id2_15_, permissoes0_.usuario_id as usuario_3_15_, permissoes0_.alterar as alterar4_15_, permissoes0_.inserir as inserir5_15_, permissoes0_.deletar as deletar6_15_, permissoes0_.consultar as consulta7_15_ from chamados.permissoes permissoes0_ where permissoes0_.usuario_id=1
2015-10-25 21:49:43,297 [AWT-EventQueue-0] DEBUG org.hibernate.engine.jdbc.spi.SqlStatementLogger:104 - select tela0_.id as id1_20_0_, tela0_.descricao as descrica2_20_0_ from chamados.tela tela0_ where tela0_.id=?
2015-10-25 21:49:43,297 [AWT-EventQueue-0] DEBUG org.hibernate.engine.jdbc.spi.SqlStatementLogger:104 - select tela0_.id as id1_20_0_, tela0_.descricao as descrica2_20_0_ from chamados.tela tela0_ where tela0_.id=?
2015-10-25 21:49:43,297 [AWT-EventQueue-0] DEBUG org.hibernate.engine.jdbc.spi.SqlStatementLogger:104 - select tela0_.id as id1_20_0_, tela0_.descricao as descrica2_20_0_ from chamados.tela tela0_ where tela0_.id=?
2015-10-25 21:49:43,297 [AWT-EventQueue-0] DEBUG org.hibernate.engine.jdbc.spi.SqlStatementLogger:104 - select tela0_.id as id1_20_0_, tela0_.descricao as descrica2_20_0_ from chamados.tela tela0_ where tela0_.id=?
2015-10-25 21:49:43,297 [AWT-EventQueue-0] DEBUG org.hibernate.engine.jdbc.spi.SqlStatementLogger:104 - select tela0_.id as id1_20_0_, tela0_.descricao as descrica2_20_0_ from chamados.tela tela0_ where tela0_.id=?
2015-10-25 21:49:43,297 [AWT-EventQueue-0] DEBUG org.hibernate.engine.jdbc.spi.SqlStatementLogger:104 - select tela0_.id as id1_20_0_, tela0_.descricao as descrica2_20_0_ from chamados.tela tela0_ where tela0_.id=?
2015-10-25 21:49:43,297 [AWT-EventQueue-0] DEBUG org.hibernate.engine.jdbc.spi.SqlStatementLogger:104 - select tela0_.id as id1_20_0_, tela0_.descricao as descrica2_20_0_ from chamados.tela tela0_ where tela0_.id=?
2015-10-25 21:49:43,297 [AWT-EventQueue-0] DEBUG org.hibernate.engine.jdbc.spi.SqlStatementLogger:104 - select tela0_.id as id1_20_0_, tela0_.descricao as descrica2_20_0_ from chamados.tela tela0_ where tela0_.id=?
2015-10-25 21:49:43,312 [AWT-EventQueue-0] DEBUG org.hibernate.engine.jdbc.spi.SqlStatementLogger:104 - select tela0_.id as id1_20_0_, tela0_.descricao as descrica2_20_0_ from chamados.tela tela0_ where tela0_.id=?
2015-10-25 21:49:43,312 [AWT-EventQueue-0] DEBUG org.hibernate.engine.jdbc.spi.SqlStatementLogger:104 - select permissoes0_.id as id1_15_, permissoes0_.tela_id as tela_id2_15_, permissoes0_.usuario_id as usuario_3_15_, permissoes0_.alterar as alterar4_15_, permissoes0_.inserir as inserir5_15_, permissoes0_.deletar as deletar6_15_, permissoes0_.consultar as consulta7_15_ from chamados.permissoes permissoes0_ where tela_id>=0 order by permissoes0_.id
2015-10-25 21:49:43,328 [AWT-EventQueue-0] DEBUG org.hibernate.engine.jdbc.spi.SqlStatementLogger:104 - select count(*) as col_0_0_ from chamados.permissoes permissoes0_ where tela_id=1
2015-10-25 21:49:43,328 [AWT-EventQueue-0] DEBUG org.hibernate.engine.jdbc.spi.SqlStatementLogger:104 - select permissoes0_.id as id1_15_, permissoes0_.tela_id as tela_id2_15_, permissoes0_.usuario_id as usuario_3_15_, permissoes0_.alterar as alterar4_15_, permissoes0_.inserir as inserir5_15_, permissoes0_.deletar as deletar6_15_, permissoes0_.consultar as consulta7_15_ from chamados.permissoes permissoes0_ where tela_id=1
2015-10-25 21:49:43,344 [AWT-EventQueue-0] DEBUG org.hibernate.engine.jdbc.spi.SqlStatementLogger:104 - select funcionari0_.usuario_id as usuario_6_21_1_, funcionari0_.id as id1_10_1_, funcionari0_.id as id1_10_0_, funcionari0_.empresa_id as empresa_2_10_0_, funcionari0_.funcao_id as funcao_i3_10_0_, funcionari0_.pessoa_id as pessoa_i4_10_0_, funcionari0_.setor_id as setor_id5_10_0_, funcionari0_.usuario_id as usuario_6_10_0_, funcionari0_.data_admicao as data_adm7_10_0_, funcionari0_.data_desligamento as data_des8_10_0_ from chamados.funcionario funcionari0_ where funcionari0_.usuario_id=?
2015-10-25 21:49:43,344 [AWT-EventQueue-0] DEBUG org.hibernate.engine.jdbc.spi.SqlStatementLogger:104 - select pessoa0_.id as id1_16_0_, pessoa0_.cidade_id as cidade_i2_16_0_, pessoa0_.nome as nome3_16_0_, pessoa0_.idade as idade4_16_0_, pessoa0_.data_nascimento as data_nas5_16_0_, pessoa0_.email as email6_16_0_, pessoa0_.telefone as telefone7_16_0_, pessoa0_.cpf as cpf8_16_0_, pessoa0_.rg as rg9_16_0_ from chamados.pessoa pessoa0_ where pessoa0_.id=?
2015-10-25 21:49:49,938 [AWT-EventQueue-0] DEBUG org.hibernate.engine.jdbc.spi.SqlStatementLogger:104 - select count(*) as col_0_0_ from chamados.usuario usuario0_ where usuario0_.login>='a' and usuario0_.login<='ZZZZZZZZZZ'
2015-10-25 21:49:49,938 [AWT-EventQueue-0] DEBUG org.hibernate.engine.jdbc.spi.SqlStatementLogger:104 - select usuario0_.id as id1_21_, usuario0_.login as login2_21_, usuario0_.senha as senha3_21_ from chamados.usuario usuario0_ where usuario0_.login>='a' and usuario0_.login<='ZZZZZZZZZZ'
2015-10-25 21:49:49,969 [AWT-EventQueue-0] DEBUG org.hibernate.engine.jdbc.spi.SqlStatementLogger:104 - select count(*) as col_0_0_ from chamados.usuario usuario0_ where usuario0_.login>='a' and usuario0_.login<='ZZZZZZZZZZ'
2015-10-25 21:49:49,969 [AWT-EventQueue-0] DEBUG org.hibernate.engine.jdbc.spi.SqlStatementLogger:104 - select usuario0_.id as id1_21_, usuario0_.login as login2_21_, usuario0_.senha as senha3_21_ from chamados.usuario usuario0_ where usuario0_.login>='a' and usuario0_.login<='ZZZZZZZZZZ'
2015-10-25 21:49:52,718 [AWT-EventQueue-0] DEBUG org.hibernate.engine.jdbc.spi.SqlStatementLogger:104 - select usuario0_.id as id1_21_, usuario0_.login as login2_21_, usuario0_.senha as senha3_21_ from chamados.usuario usuario0_ where usuario0_.id=1
2015-10-25 21:49:57,310 [AWT-EventQueue-0] DEBUG org.hibernate.engine.jdbc.spi.SqlStatementLogger:104 - select count(*) as col_0_0_ from chamados.usuario usuario0_ where usuario0_.login>='a' and usuario0_.login<='ZZZZZZZZZZ'
2015-10-25 21:49:57,326 [AWT-EventQueue-0] DEBUG org.hibernate.engine.jdbc.spi.SqlStatementLogger:104 - select usuario0_.id as id1_21_, usuario0_.login as login2_21_, usuario0_.senha as senha3_21_ from chamados.usuario usuario0_ where usuario0_.login>='a' and usuario0_.login<='ZZZZZZZZZZ'
2015-10-25 21:50:05,644 [AWT-EventQueue-0] DEBUG org.hibernate.engine.jdbc.spi.SqlStatementLogger:104 - select usuario0_.id as id1_21_, usuario0_.login as login2_21_, usuario0_.senha as senha3_21_ from chamados.usuario usuario0_ where usuario0_.id=1
2015-10-25 21:50:10,066 [AWT-EventQueue-0] DEBUG org.hibernate.engine.jdbc.spi.SqlStatementLogger:104 - select permissoes0_.id as id1_15_, permissoes0_.tela_id as tela_id2_15_, permissoes0_.usuario_id as usuario_3_15_, permissoes0_.alterar as alterar4_15_, permissoes0_.inserir as inserir5_15_, permissoes0_.deletar as deletar6_15_, permissoes0_.consultar as consulta7_15_ from chamados.permissoes permissoes0_ where tela_id>=0 order by permissoes0_.id
2015-10-25 21:50:10,066 [AWT-EventQueue-0] DEBUG org.hibernate.engine.jdbc.spi.SqlStatementLogger:104 - select count(*) as col_0_0_ from chamados.permissoes permissoes0_ where tela_id=1
2015-10-25 21:50:10,066 [AWT-EventQueue-0] DEBUG org.hibernate.engine.jdbc.spi.SqlStatementLogger:104 - select permissoes0_.id as id1_15_, permissoes0_.tela_id as tela_id2_15_, permissoes0_.usuario_id as usuario_3_15_, permissoes0_.alterar as alterar4_15_, permissoes0_.inserir as inserir5_15_, permissoes0_.deletar as deletar6_15_, permissoes0_.consultar as consulta7_15_ from chamados.permissoes permissoes0_ where tela_id=1
2015-10-25 21:56:30,929 [AWT-EventQueue-0]  WARN org.hibernate.internal.util.xml.DTDEntityResolver:74 - HHH000223: Recognized obsolete hibernate namespace http://hibernate.sourceforge.net/. Use namespace http://www.hibernate.org/dtd/ instead. Refer to Hibernate 3.6 Migration Guide!
2015-10-25 21:56:33,057 [AWT-EventQueue-0] DEBUG org.hibernate.engine.jdbc.spi.SqlStatementLogger:104 - select usuario0_.id as id1_21_, usuario0_.login as login2_21_, usuario0_.senha as senha3_21_ from chamados.usuario usuario0_ where usuario0_.login='admin' and usuario0_.senha='admin'
2015-10-25 21:56:33,166 [AWT-EventQueue-0] DEBUG org.hibernate.engine.jdbc.spi.SqlStatementLogger:104 - select permissoes0_.id as id1_15_, permissoes0_.tela_id as tela_id2_15_, permissoes0_.usuario_id as usuario_3_15_, permissoes0_.alterar as alterar4_15_, permissoes0_.inserir as inserir5_15_, permissoes0_.deletar as deletar6_15_, permissoes0_.consultar as consulta7_15_ from chamados.permissoes permissoes0_ where permissoes0_.usuario_id=1
2015-10-25 21:56:39,197 [AWT-EventQueue-0] DEBUG org.hibernate.engine.jdbc.spi.SqlStatementLogger:104 - select tela0_.id as id1_20_0_, tela0_.descricao as descrica2_20_0_ from chamados.tela tela0_ where tela0_.id=?
2015-10-25 21:56:39,197 [AWT-EventQueue-0] DEBUG org.hibernate.engine.jdbc.spi.SqlStatementLogger:104 - select tela0_.id as id1_20_0_, tela0_.descricao as descrica2_20_0_ from chamados.tela tela0_ where tela0_.id=?
2015-10-25 21:56:39,197 [AWT-EventQueue-0] DEBUG org.hibernate.engine.jdbc.spi.SqlStatementLogger:104 - select tela0_.id as id1_20_0_, tela0_.descricao as descrica2_20_0_ from chamados.tela tela0_ where tela0_.id=?
2015-10-25 21:56:39,197 [AWT-EventQueue-0] DEBUG org.hibernate.engine.jdbc.spi.SqlStatementLogger:104 - select tela0_.id as id1_20_0_, tela0_.descricao as descrica2_20_0_ from chamados.tela tela0_ where tela0_.id=?
2015-10-25 21:56:39,197 [AWT-EventQueue-0] DEBUG org.hibernate.engine.jdbc.spi.SqlStatementLogger:104 - select tela0_.id as id1_20_0_, tela0_.descricao as descrica2_20_0_ from chamados.tela tela0_ where tela0_.id=?
2015-10-25 21:56:39,197 [AWT-EventQueue-0] DEBUG org.hibernate.engine.jdbc.spi.SqlStatementLogger:104 - select tela0_.id as id1_20_0_, tela0_.descricao as descrica2_20_0_ from chamados.tela tela0_ where tela0_.id=?
2015-10-25 21:56:39,197 [AWT-EventQueue-0] DEBUG org.hibernate.engine.jdbc.spi.SqlStatementLogger:104 - select tela0_.id as id1_20_0_, tela0_.descricao as descrica2_20_0_ from chamados.tela tela0_ where tela0_.id=?
2015-10-25 21:56:39,197 [AWT-EventQueue-0] DEBUG org.hibernate.engine.jdbc.spi.SqlStatementLogger:104 - select tela0_.id as id1_20_0_, tela0_.descricao as descrica2_20_0_ from chamados.tela tela0_ where tela0_.id=?
2015-10-25 21:56:39,197 [AWT-EventQueue-0] DEBUG org.hibernate.engine.jdbc.spi.SqlStatementLogger:104 - select tela0_.id as id1_20_0_, tela0_.descricao as descrica2_20_0_ from chamados.tela tela0_ where tela0_.id=?
2015-10-25 21:56:39,213 [AWT-EventQueue-0] DEBUG org.hibernate.engine.jdbc.spi.SqlStatementLogger:104 - select permissoes0_.id as id1_15_, permissoes0_.tela_id as tela_id2_15_, permissoes0_.usuario_id as usuario_3_15_, permissoes0_.alterar as alterar4_15_, permissoes0_.inserir as inserir5_15_, permissoes0_.deletar as deletar6_15_, permissoes0_.consultar as consulta7_15_ from chamados.permissoes permissoes0_ where tela_id>=0 order by permissoes0_.id
2015-10-25 21:56:39,213 [AWT-EventQueue-0] DEBUG org.hibernate.engine.jdbc.spi.SqlStatementLogger:104 - select count(*) as col_0_0_ from chamados.permissoes permissoes0_ where tela_id=1
2015-10-25 21:56:39,229 [AWT-EventQueue-0] DEBUG org.hibernate.engine.jdbc.spi.SqlStatementLogger:104 - select permissoes0_.id as id1_15_, permissoes0_.tela_id as tela_id2_15_, permissoes0_.usuario_id as usuario_3_15_, permissoes0_.alterar as alterar4_15_, permissoes0_.inserir as inserir5_15_, permissoes0_.deletar as deletar6_15_, permissoes0_.consultar as consulta7_15_ from chamados.permissoes permissoes0_ where tela_id=1
2015-10-25 21:56:39,229 [AWT-EventQueue-0] DEBUG org.hibernate.engine.jdbc.spi.SqlStatementLogger:104 - select funcionari0_.usuario_id as usuario_6_21_1_, funcionari0_.id as id1_10_1_, funcionari0_.id as id1_10_0_, funcionari0_.empresa_id as empresa_2_10_0_, funcionari0_.funcao_id as funcao_i3_10_0_, funcionari0_.pessoa_id as pessoa_i4_10_0_, funcionari0_.setor_id as setor_id5_10_0_, funcionari0_.usuario_id as usuario_6_10_0_, funcionari0_.data_admicao as data_adm7_10_0_, funcionari0_.data_desligamento as data_des8_10_0_ from chamados.funcionario funcionari0_ where funcionari0_.usuario_id=?
2015-10-25 21:56:39,244 [AWT-EventQueue-0] DEBUG org.hibernate.engine.jdbc.spi.SqlStatementLogger:104 - select pessoa0_.id as id1_16_0_, pessoa0_.cidade_id as cidade_i2_16_0_, pessoa0_.nome as nome3_16_0_, pessoa0_.idade as idade4_16_0_, pessoa0_.data_nascimento as data_nas5_16_0_, pessoa0_.email as email6_16_0_, pessoa0_.telefone as telefone7_16_0_, pessoa0_.cpf as cpf8_16_0_, pessoa0_.rg as rg9_16_0_ from chamados.pessoa pessoa0_ where pessoa0_.id=?
2015-10-25 21:57:15,422 [AWT-EventQueue-0] DEBUG org.hibernate.engine.jdbc.spi.SqlStatementLogger:104 - select count(*) as col_0_0_ from chamados.usuario usuario0_ where usuario0_.login>='a' and usuario0_.login<='ZZZZZZZZZZ'
2015-10-25 21:57:15,422 [AWT-EventQueue-0] DEBUG org.hibernate.engine.jdbc.spi.SqlStatementLogger:104 - select usuario0_.id as id1_21_, usuario0_.login as login2_21_, usuario0_.senha as senha3_21_ from chamados.usuario usuario0_ where usuario0_.login>='a' and usuario0_.login<='ZZZZZZZZZZ'
2015-10-25 21:57:15,453 [AWT-EventQueue-0] DEBUG org.hibernate.engine.jdbc.spi.SqlStatementLogger:104 - select count(*) as col_0_0_ from chamados.usuario usuario0_ where usuario0_.login>='a' and usuario0_.login<='ZZZZZZZZZZ'
2015-10-25 21:57:15,453 [AWT-EventQueue-0] DEBUG org.hibernate.engine.jdbc.spi.SqlStatementLogger:104 - select usuario0_.id as id1_21_, usuario0_.login as login2_21_, usuario0_.senha as senha3_21_ from chamados.usuario usuario0_ where usuario0_.login>='a' and usuario0_.login<='ZZZZZZZZZZ'
2015-10-25 21:57:17,719 [AWT-EventQueue-0] DEBUG org.hibernate.engine.jdbc.spi.SqlStatementLogger:104 - select usuario0_.id as id1_21_, usuario0_.login as login2_21_, usuario0_.senha as senha3_21_ from chamados.usuario usuario0_ where usuario0_.id=1
2015-10-25 21:57:18,734 [AWT-EventQueue-0] DEBUG org.hibernate.engine.jdbc.spi.SqlStatementLogger:104 - select count(*) as col_0_0_ from chamados.tela tela0_ where tela0_.descricao>='a' and tela0_.descricao<='ZZZZZZZZZZZ'
2015-10-25 21:57:18,750 [AWT-EventQueue-0] DEBUG org.hibernate.engine.jdbc.spi.SqlStatementLogger:104 - select tela0_.id as id1_20_, tela0_.descricao as descrica2_20_ from chamados.tela tela0_ where tela0_.descricao>='a' and tela0_.descricao<='ZZZZZZZZZZZ'
2015-10-25 21:57:18,781 [AWT-EventQueue-0] DEBUG org.hibernate.engine.jdbc.spi.SqlStatementLogger:104 - select count(*) as col_0_0_ from chamados.tela tela0_ where tela0_.descricao>='a' and tela0_.descricao<='ZZZZZZZZZZZ'
2015-10-25 21:57:18,781 [AWT-EventQueue-0] DEBUG org.hibernate.engine.jdbc.spi.SqlStatementLogger:104 - select tela0_.id as id1_20_, tela0_.descricao as descrica2_20_ from chamados.tela tela0_ where tela0_.descricao>='a' and tela0_.descricao<='ZZZZZZZZZZZ'
2015-10-25 21:57:22,781 [AWT-EventQueue-0] DEBUG org.hibernate.engine.jdbc.spi.SqlStatementLogger:104 - select tela0_.id as id1_20_, tela0_.descricao as descrica2_20_ from chamados.tela tela0_ where tela0_.id=13
2015-10-25 21:57:32,924 [AWT-EventQueue-0] DEBUG org.hibernate.engine.jdbc.spi.SqlStatementLogger:104 - select count(*) as col_0_0_ from chamados.tela tela0_ where tela0_.descricao>='a' and tela0_.descricao<='ZZZZZZZZZZZ'
2015-10-25 21:57:32,940 [AWT-EventQueue-0] DEBUG org.hibernate.engine.jdbc.spi.SqlStatementLogger:104 - select tela0_.id as id1_20_, tela0_.descricao as descrica2_20_ from chamados.tela tela0_ where tela0_.descricao>='a' and tela0_.descricao<='ZZZZZZZZZZZ'
2015-10-25 21:58:47,384 [AWT-EventQueue-0] DEBUG org.hibernate.engine.jdbc.spi.SqlStatementLogger:104 - select count(*) as col_0_0_ from chamados.tela tela0_ where tela0_.descricao>='a' and tela0_.descricao<='ZZZZZZZZZZZ'
2015-10-25 21:58:47,384 [AWT-EventQueue-0] DEBUG org.hibernate.engine.jdbc.spi.SqlStatementLogger:104 - select tela0_.id as id1_20_, tela0_.descricao as descrica2_20_ from chamados.tela tela0_ where tela0_.descricao>='a' and tela0_.descricao<='ZZZZZZZZZZZ'
2015-10-25 21:58:53,715 [AWT-EventQueue-0] DEBUG org.hibernate.engine.jdbc.spi.SqlStatementLogger:104 - select tela0_.id as id1_20_, tela0_.descricao as descrica2_20_ from chamados.tela tela0_ where tela0_.id=1
2015-10-25 21:58:57,728 [AWT-EventQueue-0] DEBUG org.hibernate.engine.jdbc.spi.SqlStatementLogger:104 - select usuario0_.id as id1_21_, usuario0_.login as login2_21_, usuario0_.senha as senha3_21_ from chamados.usuario usuario0_ where usuario0_.id=1
2015-10-25 21:58:57,728 [AWT-EventQueue-0] DEBUG org.hibernate.engine.jdbc.spi.SqlStatementLogger:104 - select tela0_.id as id1_20_, tela0_.descricao as descrica2_20_ from chamados.tela tela0_ where tela0_.id=1
2015-10-25 21:59:01,172 [AWT-EventQueue-0] DEBUG org.hibernate.engine.jdbc.spi.SqlStatementLogger:104 - select usuario0_.id as id1_21_, usuario0_.login as login2_21_, usuario0_.senha as senha3_21_ from chamados.usuario usuario0_ where usuario0_.id=1
2015-10-25 21:59:01,172 [AWT-EventQueue-0] DEBUG org.hibernate.engine.jdbc.spi.SqlStatementLogger:104 - select tela0_.id as id1_20_, tela0_.descricao as descrica2_20_ from chamados.tela tela0_ where tela0_.id=1
2015-10-25 21:59:01,688 [AWT-EventQueue-0] DEBUG org.hibernate.engine.jdbc.spi.SqlStatementLogger:104 - select usuario0_.id as id1_21_, usuario0_.login as login2_21_, usuario0_.senha as senha3_21_ from chamados.usuario usuario0_ where usuario0_.id=1
2015-10-25 21:59:01,688 [AWT-EventQueue-0] DEBUG org.hibernate.engine.jdbc.spi.SqlStatementLogger:104 - select tela0_.id as id1_20_, tela0_.descricao as descrica2_20_ from chamados.tela tela0_ where tela0_.id=1
2015-10-25 22:02:14,987 [AWT-EventQueue-0]  WARN org.hibernate.internal.util.xml.DTDEntityResolver:74 - HHH000223: Recognized obsolete hibernate namespace http://hibernate.sourceforge.net/. Use namespace http://www.hibernate.org/dtd/ instead. Refer to Hibernate 3.6 Migration Guide!
2015-10-25 22:02:17,378 [AWT-EventQueue-0] DEBUG org.hibernate.engine.jdbc.spi.SqlStatementLogger:104 - select usuario0_.id as id1_21_, usuario0_.login as login2_21_, usuario0_.senha as senha3_21_ from chamados.usuario usuario0_ where usuario0_.login='admin' and usuario0_.senha='admin'
2015-10-25 22:02:17,487 [AWT-EventQueue-0] DEBUG org.hibernate.engine.jdbc.spi.SqlStatementLogger:104 - select permissoes0_.id as id1_15_, permissoes0_.tela_id as tela_id2_15_, permissoes0_.usuario_id as usuario_3_15_, permissoes0_.alterar as alterar4_15_, permissoes0_.inserir as inserir5_15_, permissoes0_.deletar as deletar6_15_, permissoes0_.consultar as consulta7_15_ from chamados.permissoes permissoes0_ where permissoes0_.usuario_id=1
2015-10-25 22:02:21,441 [AWT-EventQueue-0] DEBUG org.hibernate.engine.jdbc.spi.SqlStatementLogger:104 - select tela0_.id as id1_20_0_, tela0_.descricao as descrica2_20_0_ from chamados.tela tela0_ where tela0_.id=?
2015-10-25 22:02:21,441 [AWT-EventQueue-0] DEBUG org.hibernate.engine.jdbc.spi.SqlStatementLogger:104 - select tela0_.id as id1_20_0_, tela0_.descricao as descrica2_20_0_ from chamados.tela tela0_ where tela0_.id=?
2015-10-25 22:02:21,441 [AWT-EventQueue-0] DEBUG org.hibernate.engine.jdbc.spi.SqlStatementLogger:104 - select tela0_.id as id1_20_0_, tela0_.descricao as descrica2_20_0_ from chamados.tela tela0_ where tela0_.id=?
2015-10-25 22:02:21,441 [AWT-EventQueue-0] DEBUG org.hibernate.engine.jdbc.spi.SqlStatementLogger:104 - select tela0_.id as id1_20_0_, tela0_.descricao as descrica2_20_0_ from chamados.tela tela0_ where tela0_.id=?
2015-10-25 22:02:21,441 [AWT-EventQueue-0] DEBUG org.hibernate.engine.jdbc.spi.SqlStatementLogger:104 - select tela0_.id as id1_20_0_, tela0_.descricao as descrica2_20_0_ from chamados.tela tela0_ where tela0_.id=?
2015-10-25 22:02:21,441 [AWT-EventQueue-0] DEBUG org.hibernate.engine.jdbc.spi.SqlStatementLogger:104 - select tela0_.id as id1_20_0_, tela0_.descricao as descrica2_20_0_ from chamados.tela tela0_ where tela0_.id=?
2015-10-25 22:02:21,441 [AWT-EventQueue-0] DEBUG org.hibernate.engine.jdbc.spi.SqlStatementLogger:104 - select tela0_.id as id1_20_0_, tela0_.descricao as descrica2_20_0_ from chamados.tela tela0_ where tela0_.id=?
2015-10-25 22:02:21,456 [AWT-EventQueue-0] DEBUG org.hibernate.engine.jdbc.spi.SqlStatementLogger:104 - select tela0_.id as id1_20_0_, tela0_.descricao as descrica2_20_0_ from chamados.tela tela0_ where tela0_.id=?
2015-10-25 22:02:21,456 [AWT-EventQueue-0] DEBUG org.hibernate.engine.jdbc.spi.SqlStatementLogger:104 - select permissoes0_.id as id1_15_, permissoes0_.tela_id as tela_id2_15_, permissoes0_.usuario_id as usuario_3_15_, permissoes0_.alterar as alterar4_15_, permissoes0_.inserir as inserir5_15_, permissoes0_.deletar as deletar6_15_, permissoes0_.consultar as consulta7_15_ from chamados.permissoes permissoes0_ where tela_id>=0 order by permissoes0_.id
2015-10-25 22:02:21,472 [AWT-EventQueue-0] DEBUG org.hibernate.engine.jdbc.spi.SqlStatementLogger:104 - select count(*) as col_0_0_ from chamados.permissoes permissoes0_ where tela_id=2
2015-10-25 22:02:21,472 [AWT-EventQueue-0] DEBUG org.hibernate.engine.jdbc.spi.SqlStatementLogger:104 - select permissoes0_.id as id1_15_, permissoes0_.tela_id as tela_id2_15_, permissoes0_.usuario_id as usuario_3_15_, permissoes0_.alterar as alterar4_15_, permissoes0_.inserir as inserir5_15_, permissoes0_.deletar as deletar6_15_, permissoes0_.consultar as consulta7_15_ from chamados.permissoes permissoes0_ where tela_id=2
2015-10-25 22:02:21,472 [AWT-EventQueue-0] DEBUG org.hibernate.engine.jdbc.spi.SqlStatementLogger:104 - select funcionari0_.usuario_id as usuario_6_21_1_, funcionari0_.id as id1_10_1_, funcionari0_.id as id1_10_0_, funcionari0_.empresa_id as empresa_2_10_0_, funcionari0_.funcao_id as funcao_i3_10_0_, funcionari0_.pessoa_id as pessoa_i4_10_0_, funcionari0_.setor_id as setor_id5_10_0_, funcionari0_.usuario_id as usuario_6_10_0_, funcionari0_.data_admicao as data_adm7_10_0_, funcionari0_.data_desligamento as data_des8_10_0_ from chamados.funcionario funcionari0_ where funcionari0_.usuario_id=?
2015-10-25 22:02:21,488 [AWT-EventQueue-0] DEBUG org.hibernate.engine.jdbc.spi.SqlStatementLogger:104 - select pessoa0_.id as id1_16_0_, pessoa0_.cidade_id as cidade_i2_16_0_, pessoa0_.nome as nome3_16_0_, pessoa0_.idade as idade4_16_0_, pessoa0_.data_nascimento as data_nas5_16_0_, pessoa0_.email as email6_16_0_, pessoa0_.telefone as telefone7_16_0_, pessoa0_.cpf as cpf8_16_0_, pessoa0_.rg as rg9_16_0_ from chamados.pessoa pessoa0_ where pessoa0_.id=?
2015-10-25 22:02:33,271 [AWT-EventQueue-0] DEBUG org.hibernate.engine.jdbc.spi.SqlStatementLogger:104 - select count(*) as col_0_0_ from chamados.usuario usuario0_ where usuario0_.login>='a' and usuario0_.login<='ZZZZZZZZZZ'
2015-10-25 22:02:33,271 [AWT-EventQueue-0] DEBUG org.hibernate.engine.jdbc.spi.SqlStatementLogger:104 - select usuario0_.id as id1_21_, usuario0_.login as login2_21_, usuario0_.senha as senha3_21_ from chamados.usuario usuario0_ where usuario0_.login>='a' and usuario0_.login<='ZZZZZZZZZZ'
2015-10-25 22:02:33,287 [AWT-EventQueue-0] DEBUG org.hibernate.engine.jdbc.spi.SqlStatementLogger:104 - select count(*) as col_0_0_ from chamados.usuario usuario0_ where usuario0_.login>='a' and usuario0_.login<='ZZZZZZZZZZ'
2015-10-25 22:02:33,287 [AWT-EventQueue-0] DEBUG org.hibernate.engine.jdbc.spi.SqlStatementLogger:104 - select usuario0_.id as id1_21_, usuario0_.login as login2_21_, usuario0_.senha as senha3_21_ from chamados.usuario usuario0_ where usuario0_.login>='a' and usuario0_.login<='ZZZZZZZZZZ'
2015-10-25 22:02:35,928 [AWT-EventQueue-0] DEBUG org.hibernate.engine.jdbc.spi.SqlStatementLogger:104 - select usuario0_.id as id1_21_, usuario0_.login as login2_21_, usuario0_.senha as senha3_21_ from chamados.usuario usuario0_ where usuario0_.id=1
2015-10-25 22:02:36,962 [AWT-EventQueue-0] DEBUG org.hibernate.engine.jdbc.spi.SqlStatementLogger:104 - select count(*) as col_0_0_ from chamados.tela tela0_ where tela0_.descricao>='a' and tela0_.descricao<='ZZZZZZZZZZZ'
2015-10-25 22:02:36,978 [AWT-EventQueue-0] DEBUG org.hibernate.engine.jdbc.spi.SqlStatementLogger:104 - select tela0_.id as id1_20_, tela0_.descricao as descrica2_20_ from chamados.tela tela0_ where tela0_.descricao>='a' and tela0_.descricao<='ZZZZZZZZZZZ'
2015-10-25 22:02:37,009 [AWT-EventQueue-0] DEBUG org.hibernate.engine.jdbc.spi.SqlStatementLogger:104 - select count(*) as col_0_0_ from chamados.tela tela0_ where tela0_.descricao>='a' and tela0_.descricao<='ZZZZZZZZZZZ'
2015-10-25 22:02:37,009 [AWT-EventQueue-0] DEBUG org.hibernate.engine.jdbc.spi.SqlStatementLogger:104 - select tela0_.id as id1_20_, tela0_.descricao as descrica2_20_ from chamados.tela tela0_ where tela0_.descricao>='a' and tela0_.descricao<='ZZZZZZZZZZZ'
2015-10-25 22:02:39,962 [AWT-EventQueue-0] DEBUG org.hibernate.engine.jdbc.spi.SqlStatementLogger:104 - select tela0_.id as id1_20_, tela0_.descricao as descrica2_20_ from chamados.tela tela0_ where tela0_.id=1
2015-10-25 22:02:43,994 [AWT-EventQueue-0] DEBUG org.hibernate.engine.jdbc.spi.SqlStatementLogger:104 - select usuario0_.id as id1_21_, usuario0_.login as login2_21_, usuario0_.senha as senha3_21_ from chamados.usuario usuario0_ where usuario0_.id=1
2015-10-25 22:02:43,994 [AWT-EventQueue-0] DEBUG org.hibernate.engine.jdbc.spi.SqlStatementLogger:104 - select tela0_.id as id1_20_, tela0_.descricao as descrica2_20_ from chamados.tela tela0_ where tela0_.id=1
2015-10-25 22:02:44,010 [AWT-EventQueue-0] DEBUG org.hibernate.engine.jdbc.spi.SqlStatementLogger:104 - SET @username = 1
2015-10-25 22:02:44,025 [AWT-EventQueue-0] DEBUG org.hibernate.engine.jdbc.spi.SqlStatementLogger:104 - insert into chamados.permissoes (tela_id, usuario_id, alterar, inserir, deletar, consultar) values (?, ?, ?, ?, ?, ?)
2015-10-25 22:02:45,463 [AWT-EventQueue-0] DEBUG org.hibernate.engine.jdbc.spi.SqlStatementLogger:104 - select permissoes0_.id as id1_15_, permissoes0_.tela_id as tela_id2_15_, permissoes0_.usuario_id as usuario_3_15_, permissoes0_.alterar as alterar4_15_, permissoes0_.inserir as inserir5_15_, permissoes0_.deletar as deletar6_15_, permissoes0_.consultar as consulta7_15_ from chamados.permissoes permissoes0_ where tela_id=1
2015-10-25 22:02:45,510 [AWT-EventQueue-0] DEBUG org.hibernate.engine.jdbc.spi.SqlStatementLogger:104 - select tela0_.id as id1_20_0_, tela0_.descricao as descrica2_20_0_ from chamados.tela tela0_ where tela0_.id=?
2015-10-25 22:02:45,510 [AWT-EventQueue-0] DEBUG org.hibernate.engine.jdbc.spi.SqlStatementLogger:104 - select count(*) as col_0_0_ from chamados.permissoes permissoes0_ where tela_id=1
2015-10-25 22:02:45,525 [AWT-EventQueue-0] DEBUG org.hibernate.engine.jdbc.spi.SqlStatementLogger:104 - select permissoes0_.id as id1_15_, permissoes0_.tela_id as tela_id2_15_, permissoes0_.usuario_id as usuario_3_15_, permissoes0_.alterar as alterar4_15_, permissoes0_.inserir as inserir5_15_, permissoes0_.deletar as deletar6_15_, permissoes0_.consultar as consulta7_15_ from chamados.permissoes permissoes0_ where tela_id=1
2015-10-25 22:02:45,525 [AWT-EventQueue-0] DEBUG org.hibernate.engine.jdbc.spi.SqlStatementLogger:104 - select usuario0_.id as id1_21_0_, usuario0_.login as login2_21_0_, usuario0_.senha as senha3_21_0_ from chamados.usuario usuario0_ where usuario0_.id=?
2015-10-25 22:02:45,525 [AWT-EventQueue-0] DEBUG org.hibernate.engine.jdbc.spi.SqlStatementLogger:104 - select funcionari0_.usuario_id as usuario_6_21_1_, funcionari0_.id as id1_10_1_, funcionari0_.id as id1_10_0_, funcionari0_.empresa_id as empresa_2_10_0_, funcionari0_.funcao_id as funcao_i3_10_0_, funcionari0_.pessoa_id as pessoa_i4_10_0_, funcionari0_.setor_id as setor_id5_10_0_, funcionari0_.usuario_id as usuario_6_10_0_, funcionari0_.data_admicao as data_adm7_10_0_, funcionari0_.data_desligamento as data_des8_10_0_ from chamados.funcionario funcionari0_ where funcionari0_.usuario_id=?
2015-10-25 22:02:45,525 [AWT-EventQueue-0] DEBUG org.hibernate.engine.jdbc.spi.SqlStatementLogger:104 - select pessoa0_.id as id1_16_0_, pessoa0_.cidade_id as cidade_i2_16_0_, pessoa0_.nome as nome3_16_0_, pessoa0_.idade as idade4_16_0_, pessoa0_.data_nascimento as data_nas5_16_0_, pessoa0_.email as email6_16_0_, pessoa0_.telefone as telefone7_16_0_, pessoa0_.cpf as cpf8_16_0_, pessoa0_.rg as rg9_16_0_ from chamados.pessoa pessoa0_ where pessoa0_.id=?
2015-10-25 22:02:54,387 [AWT-EventQueue-0] DEBUG org.hibernate.engine.jdbc.spi.SqlStatementLogger:104 - select usuario0_.id as id1_21_, usuario0_.login as login2_21_, usuario0_.senha as senha3_21_ from chamados.usuario usuario0_ where usuario0_.id=1
2015-10-25 22:02:54,387 [AWT-EventQueue-0] DEBUG org.hibernate.engine.jdbc.spi.SqlStatementLogger:104 - select tela0_.id as id1_20_, tela0_.descricao as descrica2_20_ from chamados.tela tela0_ where tela0_.id=1
2015-10-25 22:02:54,402 [AWT-EventQueue-0] DEBUG org.hibernate.engine.jdbc.spi.SqlStatementLogger:104 - SET @username = 1
2015-10-25 22:02:54,449 [AWT-EventQueue-0] DEBUG org.hibernate.engine.jdbc.spi.SqlStatementLogger:104 - update chamados.permissoes set tela_id=?, usuario_id=?, alterar=?, inserir=?, deletar=?, consultar=? where id=?
2015-10-25 22:02:54,496 [AWT-EventQueue-0] DEBUG org.hibernate.engine.jdbc.spi.SqlStatementLogger:104 - update chamados.permissoes set tela_id=?, usuario_id=?, alterar=?, inserir=?, deletar=?, consultar=? where id=?
2015-10-25 22:02:55,821 [AWT-EventQueue-0] DEBUG org.hibernate.engine.jdbc.spi.SqlStatementLogger:104 - select permissoes0_.id as id1_15_, permissoes0_.tela_id as tela_id2_15_, permissoes0_.usuario_id as usuario_3_15_, permissoes0_.alterar as alterar4_15_, permissoes0_.inserir as inserir5_15_, permissoes0_.deletar as deletar6_15_, permissoes0_.consultar as consulta7_15_ from chamados.permissoes permissoes0_ where tela_id=1
2015-10-25 22:02:55,837 [AWT-EventQueue-0] DEBUG org.hibernate.engine.jdbc.spi.SqlStatementLogger:104 - select tela0_.id as id1_20_0_, tela0_.descricao as descrica2_20_0_ from chamados.tela tela0_ where tela0_.id=?
2015-10-25 22:02:55,837 [AWT-EventQueue-0] DEBUG org.hibernate.engine.jdbc.spi.SqlStatementLogger:104 - select count(*) as col_0_0_ from chamados.permissoes permissoes0_ where tela_id=1
2015-10-25 22:02:55,837 [AWT-EventQueue-0] DEBUG org.hibernate.engine.jdbc.spi.SqlStatementLogger:104 - select permissoes0_.id as id1_15_, permissoes0_.tela_id as tela_id2_15_, permissoes0_.usuario_id as usuario_3_15_, permissoes0_.alterar as alterar4_15_, permissoes0_.inserir as inserir5_15_, permissoes0_.deletar as deletar6_15_, permissoes0_.consultar as consulta7_15_ from chamados.permissoes permissoes0_ where tela_id=1
2015-10-25 22:02:55,837 [AWT-EventQueue-0] DEBUG org.hibernate.engine.jdbc.spi.SqlStatementLogger:104 - select usuario0_.id as id1_21_0_, usuario0_.login as login2_21_0_, usuario0_.senha as senha3_21_0_ from chamados.usuario usuario0_ where usuario0_.id=?
2015-10-25 22:02:55,837 [AWT-EventQueue-0] DEBUG org.hibernate.engine.jdbc.spi.SqlStatementLogger:104 - select funcionari0_.usuario_id as usuario_6_21_1_, funcionari0_.id as id1_10_1_, funcionari0_.id as id1_10_0_, funcionari0_.empresa_id as empresa_2_10_0_, funcionari0_.funcao_id as funcao_i3_10_0_, funcionari0_.pessoa_id as pessoa_i4_10_0_, funcionari0_.setor_id as setor_id5_10_0_, funcionari0_.usuario_id as usuario_6_10_0_, funcionari0_.data_admicao as data_adm7_10_0_, funcionari0_.data_desligamento as data_des8_10_0_ from chamados.funcionario funcionari0_ where funcionari0_.usuario_id=?
2015-10-25 22:02:55,837 [AWT-EventQueue-0] DEBUG org.hibernate.engine.jdbc.spi.SqlStatementLogger:104 - select pessoa0_.id as id1_16_0_, pessoa0_.cidade_id as cidade_i2_16_0_, pessoa0_.nome as nome3_16_0_, pessoa0_.idade as idade4_16_0_, pessoa0_.data_nascimento as data_nas5_16_0_, pessoa0_.email as email6_16_0_, pessoa0_.telefone as telefone7_16_0_, pessoa0_.cpf as cpf8_16_0_, pessoa0_.rg as rg9_16_0_ from chamados.pessoa pessoa0_ where pessoa0_.id=?
2015-10-25 22:03:00,605 [AWT-EventQueue-0] DEBUG org.hibernate.engine.jdbc.spi.SqlStatementLogger:104 - select usuario0_.id as id1_21_, usuario0_.login as login2_21_, usuario0_.senha as senha3_21_ from chamados.usuario usuario0_ where usuario0_.id=1
2015-10-25 22:03:00,605 [AWT-EventQueue-0] DEBUG org.hibernate.engine.jdbc.spi.SqlStatementLogger:104 - select tela0_.id as id1_20_, tela0_.descricao as descrica2_20_ from chamados.tela tela0_ where tela0_.id=1
2015-10-25 22:03:00,605 [AWT-EventQueue-0] DEBUG org.hibernate.engine.jdbc.spi.SqlStatementLogger:104 - SET @username = 1
2015-10-25 22:03:00,620 [AWT-EventQueue-0] DEBUG org.hibernate.engine.jdbc.spi.SqlStatementLogger:104 - update chamados.permissoes set tela_id=?, usuario_id=?, alterar=?, inserir=?, deletar=?, consultar=? where id=?
2015-10-25 22:03:00,620 [AWT-EventQueue-0] DEBUG org.hibernate.engine.jdbc.spi.SqlStatementLogger:104 - update chamados.permissoes set tela_id=?, usuario_id=?, alterar=?, inserir=?, deletar=?, consultar=? where id=?
2015-10-25 22:03:01,464 [AWT-EventQueue-0] DEBUG org.hibernate.engine.jdbc.spi.SqlStatementLogger:104 - select permissoes0_.id as id1_15_, permissoes0_.tela_id as tela_id2_15_, permissoes0_.usuario_id as usuario_3_15_, permissoes0_.alterar as alterar4_15_, permissoes0_.inserir as inserir5_15_, permissoes0_.deletar as deletar6_15_, permissoes0_.consultar as consulta7_15_ from chamados.permissoes permissoes0_ where tela_id=1
2015-10-25 22:03:01,464 [AWT-EventQueue-0] DEBUG org.hibernate.engine.jdbc.spi.SqlStatementLogger:104 - select tela0_.id as id1_20_0_, tela0_.descricao as descrica2_20_0_ from chamados.tela tela0_ where tela0_.id=?
2015-10-25 22:03:01,480 [AWT-EventQueue-0] DEBUG org.hibernate.engine.jdbc.spi.SqlStatementLogger:104 - select count(*) as col_0_0_ from chamados.permissoes permissoes0_ where tela_id=1
2015-10-25 22:03:01,480 [AWT-EventQueue-0] DEBUG org.hibernate.engine.jdbc.spi.SqlStatementLogger:104 - select permissoes0_.id as id1_15_, permissoes0_.tela_id as tela_id2_15_, permissoes0_.usuario_id as usuario_3_15_, permissoes0_.alterar as alterar4_15_, permissoes0_.inserir as inserir5_15_, permissoes0_.deletar as deletar6_15_, permissoes0_.consultar as consulta7_15_ from chamados.permissoes permissoes0_ where tela_id=1
2015-10-25 22:03:01,480 [AWT-EventQueue-0] DEBUG org.hibernate.engine.jdbc.spi.SqlStatementLogger:104 - select usuario0_.id as id1_21_0_, usuario0_.login as login2_21_0_, usuario0_.senha as senha3_21_0_ from chamados.usuario usuario0_ where usuario0_.id=?
2015-10-25 22:03:01,480 [AWT-EventQueue-0] DEBUG org.hibernate.engine.jdbc.spi.SqlStatementLogger:104 - select funcionari0_.usuario_id as usuario_6_21_1_, funcionari0_.id as id1_10_1_, funcionari0_.id as id1_10_0_, funcionari0_.empresa_id as empresa_2_10_0_, funcionari0_.funcao_id as funcao_i3_10_0_, funcionari0_.pessoa_id as pessoa_i4_10_0_, funcionari0_.setor_id as setor_id5_10_0_, funcionari0_.usuario_id as usuario_6_10_0_, funcionari0_.data_admicao as data_adm7_10_0_, funcionari0_.data_desligamento as data_des8_10_0_ from chamados.funcionario funcionari0_ where funcionari0_.usuario_id=?
2015-10-25 22:03:01,480 [AWT-EventQueue-0] DEBUG org.hibernate.engine.jdbc.spi.SqlStatementLogger:104 - select pessoa0_.id as id1_16_0_, pessoa0_.cidade_id as cidade_i2_16_0_, pessoa0_.nome as nome3_16_0_, pessoa0_.idade as idade4_16_0_, pessoa0_.data_nascimento as data_nas5_16_0_, pessoa0_.email as email6_16_0_, pessoa0_.telefone as telefone7_16_0_, pessoa0_.cpf as cpf8_16_0_, pessoa0_.rg as rg9_16_0_ from chamados.pessoa pessoa0_ where pessoa0_.id=?
2015-10-25 22:05:20,118 [AWT-EventQueue-0]  WARN org.hibernate.internal.util.xml.DTDEntityResolver:74 - HHH000223: Recognized obsolete hibernate namespace http://hibernate.sourceforge.net/. Use namespace http://www.hibernate.org/dtd/ instead. Refer to Hibernate 3.6 Migration Guide!
2015-10-25 22:05:22,290 [AWT-EventQueue-0] DEBUG org.hibernate.engine.jdbc.spi.SqlStatementLogger:104 - select usuario0_.id as id1_21_, usuario0_.login as login2_21_, usuario0_.senha as senha3_21_ from chamados.usuario usuario0_ where usuario0_.login='admin' and usuario0_.senha='admin'
2015-10-25 22:05:22,415 [AWT-EventQueue-0] DEBUG org.hibernate.engine.jdbc.spi.SqlStatementLogger:104 - select permissoes0_.id as id1_15_, permissoes0_.tela_id as tela_id2_15_, permissoes0_.usuario_id as usuario_3_15_, permissoes0_.alterar as alterar4_15_, permissoes0_.inserir as inserir5_15_, permissoes0_.deletar as deletar6_15_, permissoes0_.consultar as consulta7_15_ from chamados.permissoes permissoes0_ where permissoes0_.usuario_id=1
2015-10-25 22:05:26,896 [AWT-EventQueue-0] DEBUG org.hibernate.engine.jdbc.spi.SqlStatementLogger:104 - select tela0_.id as id1_20_0_, tela0_.descricao as descrica2_20_0_ from chamados.tela tela0_ where tela0_.id=?
2015-10-25 22:05:26,896 [AWT-EventQueue-0] DEBUG org.hibernate.engine.jdbc.spi.SqlStatementLogger:104 - select tela0_.id as id1_20_0_, tela0_.descricao as descrica2_20_0_ from chamados.tela tela0_ where tela0_.id=?
2015-10-25 22:05:26,896 [AWT-EventQueue-0] DEBUG org.hibernate.engine.jdbc.spi.SqlStatementLogger:104 - select tela0_.id as id1_20_0_, tela0_.descricao as descrica2_20_0_ from chamados.tela tela0_ where tela0_.id=?
2015-10-25 22:05:26,896 [AWT-EventQueue-0] DEBUG org.hibernate.engine.jdbc.spi.SqlStatementLogger:104 - select tela0_.id as id1_20_0_, tela0_.descricao as descrica2_20_0_ from chamados.tela tela0_ where tela0_.id=?
2015-10-25 22:05:26,896 [AWT-EventQueue-0] DEBUG org.hibernate.engine.jdbc.spi.SqlStatementLogger:104 - select tela0_.id as id1_20_0_, tela0_.descricao as descrica2_20_0_ from chamados.tela tela0_ where tela0_.id=?
2015-10-25 22:05:26,896 [AWT-EventQueue-0] DEBUG org.hibernate.engine.jdbc.spi.SqlStatementLogger:104 - select tela0_.id as id1_20_0_, tela0_.descricao as descrica2_20_0_ from chamados.tela tela0_ where tela0_.id=?
2015-10-25 22:05:26,911 [AWT-EventQueue-0] DEBUG org.hibernate.engine.jdbc.spi.SqlStatementLogger:104 - select tela0_.id as id1_20_0_, tela0_.descricao as descrica2_20_0_ from chamados.tela tela0_ where tela0_.id=?
2015-10-25 22:05:26,911 [AWT-EventQueue-0] DEBUG org.hibernate.engine.jdbc.spi.SqlStatementLogger:104 - select tela0_.id as id1_20_0_, tela0_.descricao as descrica2_20_0_ from chamados.tela tela0_ where tela0_.id=?
2015-10-25 22:05:26,911 [AWT-EventQueue-0] DEBUG org.hibernate.engine.jdbc.spi.SqlStatementLogger:104 - select tela0_.id as id1_20_0_, tela0_.descricao as descrica2_20_0_ from chamados.tela tela0_ where tela0_.id=?
2015-10-25 22:05:26,911 [AWT-EventQueue-0] DEBUG org.hibernate.engine.jdbc.spi.SqlStatementLogger:104 - select permissoes0_.id as id1_15_, permissoes0_.tela_id as tela_id2_15_, permissoes0_.usuario_id as usuario_3_15_, permissoes0_.alterar as alterar4_15_, permissoes0_.inserir as inserir5_15_, permissoes0_.deletar as deletar6_15_, permissoes0_.consultar as consulta7_15_ from chamados.permissoes permissoes0_ where tela_id>=0 order by permissoes0_.id
2015-10-25 22:05:26,927 [AWT-EventQueue-0] DEBUG org.hibernate.engine.jdbc.spi.SqlStatementLogger:104 - select count(*) as col_0_0_ from chamados.permissoes permissoes0_ where tela_id=2
2015-10-25 22:05:26,927 [AWT-EventQueue-0] DEBUG org.hibernate.engine.jdbc.spi.SqlStatementLogger:104 - select permissoes0_.id as id1_15_, permissoes0_.tela_id as tela_id2_15_, permissoes0_.usuario_id as usuario_3_15_, permissoes0_.alterar as alterar4_15_, permissoes0_.inserir as inserir5_15_, permissoes0_.deletar as deletar6_15_, permissoes0_.consultar as consulta7_15_ from chamados.permissoes permissoes0_ where tela_id=2
2015-10-25 22:05:26,942 [AWT-EventQueue-0] DEBUG org.hibernate.engine.jdbc.spi.SqlStatementLogger:104 - select funcionari0_.usuario_id as usuario_6_21_1_, funcionari0_.id as id1_10_1_, funcionari0_.id as id1_10_0_, funcionari0_.empresa_id as empresa_2_10_0_, funcionari0_.funcao_id as funcao_i3_10_0_, funcionari0_.pessoa_id as pessoa_i4_10_0_, funcionari0_.setor_id as setor_id5_10_0_, funcionari0_.usuario_id as usuario_6_10_0_, funcionari0_.data_admicao as data_adm7_10_0_, funcionari0_.data_desligamento as data_des8_10_0_ from chamados.funcionario funcionari0_ where funcionari0_.usuario_id=?
2015-10-25 22:05:26,942 [AWT-EventQueue-0] DEBUG org.hibernate.engine.jdbc.spi.SqlStatementLogger:104 - select pessoa0_.id as id1_16_0_, pessoa0_.cidade_id as cidade_i2_16_0_, pessoa0_.nome as nome3_16_0_, pessoa0_.idade as idade4_16_0_, pessoa0_.data_nascimento as data_nas5_16_0_, pessoa0_.email as email6_16_0_, pessoa0_.telefone as telefone7_16_0_, pessoa0_.cpf as cpf8_16_0_, pessoa0_.rg as rg9_16_0_ from chamados.pessoa pessoa0_ where pessoa0_.id=?
2015-10-25 22:05:31,036 [AWT-EventQueue-0] DEBUG org.hibernate.engine.jdbc.spi.SqlStatementLogger:104 - select count(*) as col_0_0_ from chamados.tela tela0_ where tela0_.descricao>='a' and tela0_.descricao<='ZZZZZZZZZZZ'
2015-10-25 22:05:31,036 [AWT-EventQueue-0] DEBUG org.hibernate.engine.jdbc.spi.SqlStatementLogger:104 - select tela0_.id as id1_20_, tela0_.descricao as descrica2_20_ from chamados.tela tela0_ where tela0_.descricao>='a' and tela0_.descricao<='ZZZZZZZZZZZ'
2015-10-25 22:05:31,083 [AWT-EventQueue-0] DEBUG org.hibernate.engine.jdbc.spi.SqlStatementLogger:104 - select count(*) as col_0_0_ from chamados.tela tela0_ where tela0_.descricao>='a' and tela0_.descricao<='ZZZZZZZZZZZ'
2015-10-25 22:05:31,083 [AWT-EventQueue-0] DEBUG org.hibernate.engine.jdbc.spi.SqlStatementLogger:104 - select tela0_.id as id1_20_, tela0_.descricao as descrica2_20_ from chamados.tela tela0_ where tela0_.descricao>='a' and tela0_.descricao<='ZZZZZZZZZZZ'
2015-10-25 22:05:33,552 [AWT-EventQueue-0] DEBUG org.hibernate.engine.jdbc.spi.SqlStatementLogger:104 - select tela0_.id as id1_20_, tela0_.descricao as descrica2_20_ from chamados.tela tela0_ where tela0_.id=16
2015-10-25 22:05:35,147 [AWT-EventQueue-0] DEBUG org.hibernate.engine.jdbc.spi.SqlStatementLogger:104 - select count(*) as col_0_0_ from chamados.tela tela0_ where tela0_.descricao>='a' and tela0_.descricao<='ZZZZZZZZZZZ'
2015-10-25 22:05:35,147 [AWT-EventQueue-0] DEBUG org.hibernate.engine.jdbc.spi.SqlStatementLogger:104 - select tela0_.id as id1_20_, tela0_.descricao as descrica2_20_ from chamados.tela tela0_ where tela0_.descricao>='a' and tela0_.descricao<='ZZZZZZZZZZZ'
2015-10-25 22:05:36,819 [AWT-EventQueue-0] DEBUG org.hibernate.engine.jdbc.spi.SqlStatementLogger:104 - select tela0_.id as id1_20_, tela0_.descricao as descrica2_20_ from chamados.tela tela0_ where tela0_.id=13
2015-10-25 22:05:51,646 [AWT-EventQueue-0] DEBUG org.hibernate.engine.jdbc.spi.SqlStatementLogger:104 - select permissoes0_.id as id1_15_, permissoes0_.tela_id as tela_id2_15_, permissoes0_.usuario_id as usuario_3_15_, permissoes0_.alterar as alterar4_15_, permissoes0_.inserir as inserir5_15_, permissoes0_.deletar as deletar6_15_, permissoes0_.consultar as consulta7_15_ from chamados.permissoes permissoes0_ where tela_id>=0 order by permissoes0_.id
2015-10-25 22:05:51,646 [AWT-EventQueue-0] DEBUG org.hibernate.engine.jdbc.spi.SqlStatementLogger:104 - select count(*) as col_0_0_ from chamados.permissoes permissoes0_ where tela_id=2
2015-10-25 22:05:51,646 [AWT-EventQueue-0] DEBUG org.hibernate.engine.jdbc.spi.SqlStatementLogger:104 - select permissoes0_.id as id1_15_, permissoes0_.tela_id as tela_id2_15_, permissoes0_.usuario_id as usuario_3_15_, permissoes0_.alterar as alterar4_15_, permissoes0_.inserir as inserir5_15_, permissoes0_.deletar as deletar6_15_, permissoes0_.consultar as consulta7_15_ from chamados.permissoes permissoes0_ where tela_id=2
2015-10-25 22:05:55,068 [AWT-EventQueue-0] DEBUG org.hibernate.engine.jdbc.spi.SqlStatementLogger:104 - select permissoes0_.id as id1_15_, permissoes0_.tela_id as tela_id2_15_, permissoes0_.usuario_id as usuario_3_15_, permissoes0_.alterar as alterar4_15_, permissoes0_.inserir as inserir5_15_, permissoes0_.deletar as deletar6_15_, permissoes0_.consultar as consulta7_15_ from chamados.permissoes permissoes0_ where tela_id>=0 order by permissoes0_.id
2015-10-25 22:05:55,068 [AWT-EventQueue-0] DEBUG org.hibernate.engine.jdbc.spi.SqlStatementLogger:104 - select count(*) as col_0_0_ from chamados.permissoes permissoes0_ where tela_id=2
2015-10-25 22:05:55,068 [AWT-EventQueue-0] DEBUG org.hibernate.engine.jdbc.spi.SqlStatementLogger:104 - select permissoes0_.id as id1_15_, permissoes0_.tela_id as tela_id2_15_, permissoes0_.usuario_id as usuario_3_15_, permissoes0_.alterar as alterar4_15_, permissoes0_.inserir as inserir5_15_, permissoes0_.deletar as deletar6_15_, permissoes0_.consultar as consulta7_15_ from chamados.permissoes permissoes0_ where tela_id=2
2015-10-25 22:06:33,602 [AWT-EventQueue-0]  WARN org.hibernate.internal.util.xml.DTDEntityResolver:74 - HHH000223: Recognized obsolete hibernate namespace http://hibernate.sourceforge.net/. Use namespace http://www.hibernate.org/dtd/ instead. Refer to Hibernate 3.6 Migration Guide!
2015-10-25 22:06:35,836 [AWT-EventQueue-0] DEBUG org.hibernate.engine.jdbc.spi.SqlStatementLogger:104 - select usuario0_.id as id1_21_, usuario0_.login as login2_21_, usuario0_.senha as senha3_21_ from chamados.usuario usuario0_ where usuario0_.login='admin' and usuario0_.senha='admin'
2015-10-25 22:06:35,946 [AWT-EventQueue-0] DEBUG org.hibernate.engine.jdbc.spi.SqlStatementLogger:104 - select permissoes0_.id as id1_15_, permissoes0_.tela_id as tela_id2_15_, permissoes0_.usuario_id as usuario_3_15_, permissoes0_.alterar as alterar4_15_, permissoes0_.inserir as inserir5_15_, permissoes0_.deletar as deletar6_15_, permissoes0_.consultar as consulta7_15_ from chamados.permissoes permissoes0_ where permissoes0_.usuario_id=1
2015-10-25 22:06:39,282 [AWT-EventQueue-0] DEBUG org.hibernate.engine.jdbc.spi.SqlStatementLogger:104 - select tela0_.id as id1_20_0_, tela0_.descricao as descrica2_20_0_ from chamados.tela tela0_ where tela0_.id=?
2015-10-25 22:06:39,282 [AWT-EventQueue-0] DEBUG org.hibernate.engine.jdbc.spi.SqlStatementLogger:104 - select tela0_.id as id1_20_0_, tela0_.descricao as descrica2_20_0_ from chamados.tela tela0_ where tela0_.id=?
2015-10-25 22:06:39,282 [AWT-EventQueue-0] DEBUG org.hibernate.engine.jdbc.spi.SqlStatementLogger:104 - select tela0_.id as id1_20_0_, tela0_.descricao as descrica2_20_0_ from chamados.tela tela0_ where tela0_.id=?
2015-10-25 22:06:39,282 [AWT-EventQueue-0] DEBUG org.hibernate.engine.jdbc.spi.SqlStatementLogger:104 - select tela0_.id as id1_20_0_, tela0_.descricao as descrica2_20_0_ from chamados.tela tela0_ where tela0_.id=?
2015-10-25 22:06:39,282 [AWT-EventQueue-0] DEBUG org.hibernate.engine.jdbc.spi.SqlStatementLogger:104 - select tela0_.id as id1_20_0_, tela0_.descricao as descrica2_20_0_ from chamados.tela tela0_ where tela0_.id=?
2015-10-25 22:06:39,298 [AWT-EventQueue-0] DEBUG org.hibernate.engine.jdbc.spi.SqlStatementLogger:104 - select tela0_.id as id1_20_0_, tela0_.descricao as descrica2_20_0_ from chamados.tela tela0_ where tela0_.id=?
2015-10-25 22:06:39,298 [AWT-EventQueue-0] DEBUG org.hibernate.engine.jdbc.spi.SqlStatementLogger:104 - select tela0_.id as id1_20_0_, tela0_.descricao as descrica2_20_0_ from chamados.tela tela0_ where tela0_.id=?
2015-10-25 22:06:39,298 [AWT-EventQueue-0] DEBUG org.hibernate.engine.jdbc.spi.SqlStatementLogger:104 - select tela0_.id as id1_20_0_, tela0_.descricao as descrica2_20_0_ from chamados.tela tela0_ where tela0_.id=?
2015-10-25 22:06:39,298 [AWT-EventQueue-0] DEBUG org.hibernate.engine.jdbc.spi.SqlStatementLogger:104 - select tela0_.id as id1_20_0_, tela0_.descricao as descrica2_20_0_ from chamados.tela tela0_ where tela0_.id=?
2015-10-25 22:06:39,314 [AWT-EventQueue-0] DEBUG org.hibernate.engine.jdbc.spi.SqlStatementLogger:104 - select permissoes0_.id as id1_15_, permissoes0_.tela_id as tela_id2_15_, permissoes0_.usuario_id as usuario_3_15_, permissoes0_.alterar as alterar4_15_, permissoes0_.inserir as inserir5_15_, permissoes0_.deletar as deletar6_15_, permissoes0_.consultar as consulta7_15_ from chamados.permissoes permissoes0_ where tela_id>=0 order by permissoes0_.id
2015-10-25 22:06:39,314 [AWT-EventQueue-0] DEBUG org.hibernate.engine.jdbc.spi.SqlStatementLogger:104 - select count(*) as col_0_0_ from chamados.permissoes permissoes0_ where tela_id=2
2015-10-25 22:06:39,314 [AWT-EventQueue-0] DEBUG org.hibernate.engine.jdbc.spi.SqlStatementLogger:104 - select permissoes0_.id as id1_15_, permissoes0_.tela_id as tela_id2_15_, permissoes0_.usuario_id as usuario_3_15_, permissoes0_.alterar as alterar4_15_, permissoes0_.inserir as inserir5_15_, permissoes0_.deletar as deletar6_15_, permissoes0_.consultar as consulta7_15_ from chamados.permissoes permissoes0_ where tela_id=2
2015-10-25 22:06:39,329 [AWT-EventQueue-0] DEBUG org.hibernate.engine.jdbc.spi.SqlStatementLogger:104 - select funcionari0_.usuario_id as usuario_6_21_1_, funcionari0_.id as id1_10_1_, funcionari0_.id as id1_10_0_, funcionari0_.empresa_id as empresa_2_10_0_, funcionari0_.funcao_id as funcao_i3_10_0_, funcionari0_.pessoa_id as pessoa_i4_10_0_, funcionari0_.setor_id as setor_id5_10_0_, funcionari0_.usuario_id as usuario_6_10_0_, funcionari0_.data_admicao as data_adm7_10_0_, funcionari0_.data_desligamento as data_des8_10_0_ from chamados.funcionario funcionari0_ where funcionari0_.usuario_id=?
2015-10-25 22:06:39,345 [AWT-EventQueue-0] DEBUG org.hibernate.engine.jdbc.spi.SqlStatementLogger:104 - select pessoa0_.id as id1_16_0_, pessoa0_.cidade_id as cidade_i2_16_0_, pessoa0_.nome as nome3_16_0_, pessoa0_.idade as idade4_16_0_, pessoa0_.data_nascimento as data_nas5_16_0_, pessoa0_.email as email6_16_0_, pessoa0_.telefone as telefone7_16_0_, pessoa0_.cpf as cpf8_16_0_, pessoa0_.rg as rg9_16_0_ from chamados.pessoa pessoa0_ where pessoa0_.id=?
2015-10-25 22:07:35,903 [AWT-EventQueue-0] DEBUG org.hibernate.engine.jdbc.spi.SqlStatementLogger:104 - SET @username = 1
2015-10-25 22:07:35,919 [AWT-EventQueue-0] DEBUG org.hibernate.engine.jdbc.spi.SqlStatementLogger:104 - delete from chamados.permissoes where id=?
2015-10-25 22:07:41,070 [AWT-EventQueue-0] DEBUG org.hibernate.engine.jdbc.spi.SqlStatementLogger:104 - select permissoes0_.id as id1_15_, permissoes0_.tela_id as tela_id2_15_, permissoes0_.usuario_id as usuario_3_15_, permissoes0_.alterar as alterar4_15_, permissoes0_.inserir as inserir5_15_, permissoes0_.deletar as deletar6_15_, permissoes0_.consultar as consulta7_15_ from chamados.permissoes permissoes0_ where tela_id>=0 order by permissoes0_.id
2015-10-25 22:07:41,086 [AWT-EventQueue-0] DEBUG org.hibernate.engine.jdbc.spi.SqlStatementLogger:104 - select tela0_.id as id1_20_0_, tela0_.descricao as descrica2_20_0_ from chamados.tela tela0_ where tela0_.id=?
2015-10-25 22:07:41,102 [AWT-EventQueue-0] DEBUG org.hibernate.engine.jdbc.spi.SqlStatementLogger:104 - select count(*) as col_0_0_ from chamados.permissoes permissoes0_ where tela_id=3
2015-10-25 22:07:41,102 [AWT-EventQueue-0] DEBUG org.hibernate.engine.jdbc.spi.SqlStatementLogger:104 - select permissoes0_.id as id1_15_, permissoes0_.tela_id as tela_id2_15_, permissoes0_.usuario_id as usuario_3_15_, permissoes0_.alterar as alterar4_15_, permissoes0_.inserir as inserir5_15_, permissoes0_.deletar as deletar6_15_, permissoes0_.consultar as consulta7_15_ from chamados.permissoes permissoes0_ where tela_id=3
2015-10-25 22:07:41,102 [AWT-EventQueue-0] DEBUG org.hibernate.engine.jdbc.spi.SqlStatementLogger:104 - select usuario0_.id as id1_21_0_, usuario0_.login as login2_21_0_, usuario0_.senha as senha3_21_0_ from chamados.usuario usuario0_ where usuario0_.id=?
2015-10-25 22:07:41,102 [AWT-EventQueue-0] DEBUG org.hibernate.engine.jdbc.spi.SqlStatementLogger:104 - select funcionari0_.usuario_id as usuario_6_21_1_, funcionari0_.id as id1_10_1_, funcionari0_.id as id1_10_0_, funcionari0_.empresa_id as empresa_2_10_0_, funcionari0_.funcao_id as funcao_i3_10_0_, funcionari0_.pessoa_id as pessoa_i4_10_0_, funcionari0_.setor_id as setor_id5_10_0_, funcionari0_.usuario_id as usuario_6_10_0_, funcionari0_.data_admicao as data_adm7_10_0_, funcionari0_.data_desligamento as data_des8_10_0_ from chamados.funcionario funcionari0_ where funcionari0_.usuario_id=?
2015-10-25 22:07:41,117 [AWT-EventQueue-0] DEBUG org.hibernate.engine.jdbc.spi.SqlStatementLogger:104 - select pessoa0_.id as id1_16_0_, pessoa0_.cidade_id as cidade_i2_16_0_, pessoa0_.nome as nome3_16_0_, pessoa0_.idade as idade4_16_0_, pessoa0_.data_nascimento as data_nas5_16_0_, pessoa0_.email as email6_16_0_, pessoa0_.telefone as telefone7_16_0_, pessoa0_.cpf as cpf8_16_0_, pessoa0_.rg as rg9_16_0_ from chamados.pessoa pessoa0_ where pessoa0_.id=?
2015-10-25 22:15:13,636 [AWT-EventQueue-0]  WARN org.hibernate.internal.util.xml.DTDEntityResolver:74 - HHH000223: Recognized obsolete hibernate namespace http://hibernate.sourceforge.net/. Use namespace http://www.hibernate.org/dtd/ instead. Refer to Hibernate 3.6 Migration Guide!
2015-10-25 22:15:15,886 [AWT-EventQueue-0] DEBUG org.hibernate.engine.jdbc.spi.SqlStatementLogger:104 - select usuario0_.id as id1_21_, usuario0_.login as login2_21_, usuario0_.senha as senha3_21_ from chamados.usuario usuario0_ where usuario0_.login='admin' and usuario0_.senha='admin'
2015-10-25 22:15:15,996 [AWT-EventQueue-0] DEBUG org.hibernate.engine.jdbc.spi.SqlStatementLogger:104 - select permissoes0_.id as id1_15_, permissoes0_.tela_id as tela_id2_15_, permissoes0_.usuario_id as usuario_3_15_, permissoes0_.alterar as alterar4_15_, permissoes0_.inserir as inserir5_15_, permissoes0_.deletar as deletar6_15_, permissoes0_.consultar as consulta7_15_ from chamados.permissoes permissoes0_ where permissoes0_.usuario_id=1
2015-10-25 22:15:19,683 [AWT-EventQueue-0] DEBUG org.hibernate.engine.jdbc.spi.SqlStatementLogger:104 - select tela0_.id as id1_20_0_, tela0_.descricao as descrica2_20_0_ from chamados.tela tela0_ where tela0_.id=?
2015-10-25 22:15:19,699 [AWT-EventQueue-0] DEBUG org.hibernate.engine.jdbc.spi.SqlStatementLogger:104 - select tela0_.id as id1_20_0_, tela0_.descricao as descrica2_20_0_ from chamados.tela tela0_ where tela0_.id=?
2015-10-25 22:15:19,699 [AWT-EventQueue-0] DEBUG org.hibernate.engine.jdbc.spi.SqlStatementLogger:104 - select tela0_.id as id1_20_0_, tela0_.descricao as descrica2_20_0_ from chamados.tela tela0_ where tela0_.id=?
2015-10-25 22:15:19,699 [AWT-EventQueue-0] DEBUG org.hibernate.engine.jdbc.spi.SqlStatementLogger:104 - select tela0_.id as id1_20_0_, tela0_.descricao as descrica2_20_0_ from chamados.tela tela0_ where tela0_.id=?
2015-10-25 22:15:19,699 [AWT-EventQueue-0] DEBUG org.hibernate.engine.jdbc.spi.SqlStatementLogger:104 - select tela0_.id as id1_20_0_, tela0_.descricao as descrica2_20_0_ from chamados.tela tela0_ where tela0_.id=?
2015-10-25 22:15:19,699 [AWT-EventQueue-0] DEBUG org.hibernate.engine.jdbc.spi.SqlStatementLogger:104 - select tela0_.id as id1_20_0_, tela0_.descricao as descrica2_20_0_ from chamados.tela tela0_ where tela0_.id=?
2015-10-25 22:15:19,699 [AWT-EventQueue-0] DEBUG org.hibernate.engine.jdbc.spi.SqlStatementLogger:104 - select tela0_.id as id1_20_0_, tela0_.descricao as descrica2_20_0_ from chamados.tela tela0_ where tela0_.id=?
2015-10-25 22:15:19,699 [AWT-EventQueue-0] DEBUG org.hibernate.engine.jdbc.spi.SqlStatementLogger:104 - select tela0_.id as id1_20_0_, tela0_.descricao as descrica2_20_0_ from chamados.tela tela0_ where tela0_.id=?
2015-10-25 22:15:19,715 [AWT-EventQueue-0] DEBUG org.hibernate.engine.jdbc.spi.SqlStatementLogger:104 - select tela0_.id as id1_20_, tela0_.descricao as descrica2_20_ from chamados.tela tela0_ where tela0_.id>=0 order by tela0_.id
2015-10-25 22:15:19,715 [AWT-EventQueue-0] DEBUG org.hibernate.engine.jdbc.spi.SqlStatementLogger:104 - select count(*) as col_0_0_ from chamados.permissoes permissoes0_ where tela_id=1
2015-10-25 22:15:19,730 [AWT-EventQueue-0] DEBUG org.hibernate.engine.jdbc.spi.SqlStatementLogger:104 - select permissoes0_.id as id1_15_, permissoes0_.tela_id as tela_id2_15_, permissoes0_.usuario_id as usuario_3_15_, permissoes0_.alterar as alterar4_15_, permissoes0_.inserir as inserir5_15_, permissoes0_.deletar as deletar6_15_, permissoes0_.consultar as consulta7_15_ from chamados.permissoes permissoes0_ where tela_id=1
2015-10-25 22:15:19,730 [AWT-EventQueue-0] DEBUG org.hibernate.engine.jdbc.spi.SqlStatementLogger:104 - select funcionari0_.usuario_id as usuario_6_21_1_, funcionari0_.id as id1_10_1_, funcionari0_.id as id1_10_0_, funcionari0_.empresa_id as empresa_2_10_0_, funcionari0_.funcao_id as funcao_i3_10_0_, funcionari0_.pessoa_id as pessoa_i4_10_0_, funcionari0_.setor_id as setor_id5_10_0_, funcionari0_.usuario_id as usuario_6_10_0_, funcionari0_.data_admicao as data_adm7_10_0_, funcionari0_.data_desligamento as data_des8_10_0_ from chamados.funcionario funcionari0_ where funcionari0_.usuario_id=?
2015-10-25 22:15:19,746 [AWT-EventQueue-0] DEBUG org.hibernate.engine.jdbc.spi.SqlStatementLogger:104 - select pessoa0_.id as id1_16_0_, pessoa0_.cidade_id as cidade_i2_16_0_, pessoa0_.nome as nome3_16_0_, pessoa0_.idade as idade4_16_0_, pessoa0_.data_nascimento as data_nas5_16_0_, pessoa0_.email as email6_16_0_, pessoa0_.telefone as telefone7_16_0_, pessoa0_.cpf as cpf8_16_0_, pessoa0_.rg as rg9_16_0_ from chamados.pessoa pessoa0_ where pessoa0_.id=?
2015-10-25 22:15:50,594 [AWT-EventQueue-0] DEBUG org.hibernate.engine.jdbc.spi.SqlStatementLogger:104 - select permissoes0_.id as id1_15_, permissoes0_.tela_id as tela_id2_15_, permissoes0_.usuario_id as usuario_3_15_, permissoes0_.alterar as alterar4_15_, permissoes0_.inserir as inserir5_15_, permissoes0_.deletar as deletar6_15_, permissoes0_.consultar as consulta7_15_ from chamados.permissoes permissoes0_ where tela_id=1 and usuario_id=1
2015-10-25 22:15:50,656 [AWT-EventQueue-0] DEBUG org.hibernate.engine.jdbc.spi.SqlStatementLogger:104 - SET @username = 1
2015-10-25 22:15:50,703 [AWT-EventQueue-0] DEBUG org.hibernate.engine.jdbc.spi.SqlStatementLogger:104 - delete from chamados.permissoes where id=?
2015-10-25 22:15:52,688 [AWT-EventQueue-0] DEBUG org.hibernate.engine.jdbc.spi.SqlStatementLogger:104 - select tela0_.id as id1_20_, tela0_.descricao as descrica2_20_ from chamados.tela tela0_ where tela0_.id>=0 order by tela0_.id
2015-10-25 22:15:52,703 [AWT-EventQueue-0] DEBUG org.hibernate.engine.jdbc.spi.SqlStatementLogger:104 - select count(*) as col_0_0_ from chamados.permissoes permissoes0_ where tela_id=1
2015-10-25 22:15:52,703 [AWT-EventQueue-0] DEBUG org.hibernate.engine.jdbc.spi.SqlStatementLogger:104 - select permissoes0_.id as id1_15_, permissoes0_.tela_id as tela_id2_15_, permissoes0_.usuario_id as usuario_3_15_, permissoes0_.alterar as alterar4_15_, permissoes0_.inserir as inserir5_15_, permissoes0_.deletar as deletar6_15_, permissoes0_.consultar as consulta7_15_ from chamados.permissoes permissoes0_ where tela_id=1
2015-10-25 22:16:09,965 [AWT-EventQueue-0] DEBUG org.hibernate.engine.jdbc.spi.SqlStatementLogger:104 - select tela0_.id as id1_20_, tela0_.descricao as descrica2_20_ from chamados.tela tela0_ where tela0_.id=1
2015-10-25 22:16:09,965 [AWT-EventQueue-0] DEBUG org.hibernate.engine.jdbc.spi.SqlStatementLogger:104 - select count(*) as col_0_0_ from chamados.permissoes permissoes0_ where tela_id=1
2015-10-25 22:16:09,965 [AWT-EventQueue-0] DEBUG org.hibernate.engine.jdbc.spi.SqlStatementLogger:104 - select permissoes0_.id as id1_15_, permissoes0_.tela_id as tela_id2_15_, permissoes0_.usuario_id as usuario_3_15_, permissoes0_.alterar as alterar4_15_, permissoes0_.inserir as inserir5_15_, permissoes0_.deletar as deletar6_15_, permissoes0_.consultar as consulta7_15_ from chamados.permissoes permissoes0_ where tela_id=1
2015-10-25 22:16:14,747 [AWT-EventQueue-0] DEBUG org.hibernate.engine.jdbc.spi.SqlStatementLogger:104 - select count(*) as col_0_0_ from chamados.permissoes permissoes0_ where tela_id is null
2015-10-25 22:16:14,779 [AWT-EventQueue-0] DEBUG org.hibernate.engine.jdbc.spi.SqlStatementLogger:104 - select permissoes0_.id as id1_15_, permissoes0_.tela_id as tela_id2_15_, permissoes0_.usuario_id as usuario_3_15_, permissoes0_.alterar as alterar4_15_, permissoes0_.inserir as inserir5_15_, permissoes0_.deletar as deletar6_15_, permissoes0_.consultar as consulta7_15_ from chamados.permissoes permissoes0_ where tela_id is null
2015-10-25 22:16:15,526 [AWT-EventQueue-0] DEBUG org.hibernate.engine.jdbc.spi.SqlStatementLogger:104 - select count(*) as col_0_0_ from chamados.tela tela0_ where tela0_.descricao>='a' and tela0_.descricao<='ZZZZZZZZZZZ'
2015-10-25 22:16:15,526 [AWT-EventQueue-0] DEBUG org.hibernate.engine.jdbc.spi.SqlStatementLogger:104 - select tela0_.id as id1_20_, tela0_.descricao as descrica2_20_ from chamados.tela tela0_ where tela0_.descricao>='a' and tela0_.descricao<='ZZZZZZZZZZZ'
2015-10-25 22:16:15,557 [AWT-EventQueue-0] DEBUG org.hibernate.engine.jdbc.spi.SqlStatementLogger:104 - select count(*) as col_0_0_ from chamados.tela tela0_ where tela0_.descricao>='a' and tela0_.descricao<='ZZZZZZZZZZZ'
2015-10-25 22:16:15,557 [AWT-EventQueue-0] DEBUG org.hibernate.engine.jdbc.spi.SqlStatementLogger:104 - select tela0_.id as id1_20_, tela0_.descricao as descrica2_20_ from chamados.tela tela0_ where tela0_.descricao>='a' and tela0_.descricao<='ZZZZZZZZZZZ'
2015-10-25 22:16:17,682 [AWT-EventQueue-0] DEBUG org.hibernate.engine.jdbc.spi.SqlStatementLogger:104 - select tela0_.id as id1_20_, tela0_.descricao as descrica2_20_ from chamados.tela tela0_ where tela0_.id=1
2015-10-25 22:18:13,229 [AWT-EventQueue-0]  WARN org.hibernate.internal.util.xml.DTDEntityResolver:74 - HHH000223: Recognized obsolete hibernate namespace http://hibernate.sourceforge.net/. Use namespace http://www.hibernate.org/dtd/ instead. Refer to Hibernate 3.6 Migration Guide!
2015-10-25 22:18:15,851 [AWT-EventQueue-0] DEBUG org.hibernate.engine.jdbc.spi.SqlStatementLogger:104 - select usuario0_.id as id1_21_, usuario0_.login as login2_21_, usuario0_.senha as senha3_21_ from chamados.usuario usuario0_ where usuario0_.login='admin' and usuario0_.senha='admin'
2015-10-25 22:18:15,960 [AWT-EventQueue-0] DEBUG org.hibernate.engine.jdbc.spi.SqlStatementLogger:104 - select permissoes0_.id as id1_15_, permissoes0_.tela_id as tela_id2_15_, permissoes0_.usuario_id as usuario_3_15_, permissoes0_.alterar as alterar4_15_, permissoes0_.inserir as inserir5_15_, permissoes0_.deletar as deletar6_15_, permissoes0_.consultar as consulta7_15_ from chamados.permissoes permissoes0_ where permissoes0_.usuario_id=1
2015-10-25 22:18:19,382 [AWT-EventQueue-0] DEBUG org.hibernate.engine.jdbc.spi.SqlStatementLogger:104 - select tela0_.id as id1_20_0_, tela0_.descricao as descrica2_20_0_ from chamados.tela tela0_ where tela0_.id=?
2015-10-25 22:18:19,382 [AWT-EventQueue-0] DEBUG org.hibernate.engine.jdbc.spi.SqlStatementLogger:104 - select tela0_.id as id1_20_0_, tela0_.descricao as descrica2_20_0_ from chamados.tela tela0_ where tela0_.id=?
2015-10-25 22:18:19,382 [AWT-EventQueue-0] DEBUG org.hibernate.engine.jdbc.spi.SqlStatementLogger:104 - select tela0_.id as id1_20_0_, tela0_.descricao as descrica2_20_0_ from chamados.tela tela0_ where tela0_.id=?
2015-10-25 22:18:19,382 [AWT-EventQueue-0] DEBUG org.hibernate.engine.jdbc.spi.SqlStatementLogger:104 - select tela0_.id as id1_20_0_, tela0_.descricao as descrica2_20_0_ from chamados.tela tela0_ where tela0_.id=?
2015-10-25 22:18:19,382 [AWT-EventQueue-0] DEBUG org.hibernate.engine.jdbc.spi.SqlStatementLogger:104 - select tela0_.id as id1_20_0_, tela0_.descricao as descrica2_20_0_ from chamados.tela tela0_ where tela0_.id=?
2015-10-25 22:18:19,382 [AWT-EventQueue-0] DEBUG org.hibernate.engine.jdbc.spi.SqlStatementLogger:104 - select tela0_.id as id1_20_0_, tela0_.descricao as descrica2_20_0_ from chamados.tela tela0_ where tela0_.id=?
2015-10-25 22:18:19,382 [AWT-EventQueue-0] DEBUG org.hibernate.engine.jdbc.spi.SqlStatementLogger:104 - select tela0_.id as id1_20_0_, tela0_.descricao as descrica2_20_0_ from chamados.tela tela0_ where tela0_.id=?
2015-10-25 22:18:19,398 [AWT-EventQueue-0] DEBUG org.hibernate.engine.jdbc.spi.SqlStatementLogger:104 - select tela0_.id as id1_20_, tela0_.descricao as descrica2_20_ from chamados.tela tela0_ where tela0_.id>=0 order by tela0_.id
2015-10-25 22:18:19,413 [AWT-EventQueue-0] DEBUG org.hibernate.engine.jdbc.spi.SqlStatementLogger:104 - select count(*) as col_0_0_ from chamados.permissoes permissoes0_ where tela_id=1
2015-10-25 22:18:19,413 [AWT-EventQueue-0] DEBUG org.hibernate.engine.jdbc.spi.SqlStatementLogger:104 - select permissoes0_.id as id1_15_, permissoes0_.tela_id as tela_id2_15_, permissoes0_.usuario_id as usuario_3_15_, permissoes0_.alterar as alterar4_15_, permissoes0_.inserir as inserir5_15_, permissoes0_.deletar as deletar6_15_, permissoes0_.consultar as consulta7_15_ from chamados.permissoes permissoes0_ where tela_id=1
2015-10-25 22:18:23,518 [AWT-EventQueue-0] DEBUG org.hibernate.engine.jdbc.spi.SqlStatementLogger:104 - select count(*) as col_0_0_ from chamados.tela tela0_ where tela0_.descricao>='a' and tela0_.descricao<='ZZZZZZZZZZZ'
2015-10-25 22:18:23,534 [AWT-EventQueue-0] DEBUG org.hibernate.engine.jdbc.spi.SqlStatementLogger:104 - select tela0_.id as id1_20_, tela0_.descricao as descrica2_20_ from chamados.tela tela0_ where tela0_.descricao>='a' and tela0_.descricao<='ZZZZZZZZZZZ'
2015-10-25 22:18:23,565 [AWT-EventQueue-0] DEBUG org.hibernate.engine.jdbc.spi.SqlStatementLogger:104 - select count(*) as col_0_0_ from chamados.tela tela0_ where tela0_.descricao>='a' and tela0_.descricao<='ZZZZZZZZZZZ'
2015-10-25 22:18:23,565 [AWT-EventQueue-0] DEBUG org.hibernate.engine.jdbc.spi.SqlStatementLogger:104 - select tela0_.id as id1_20_, tela0_.descricao as descrica2_20_ from chamados.tela tela0_ where tela0_.descricao>='a' and tela0_.descricao<='ZZZZZZZZZZZ'
2015-10-25 22:18:25,221 [AWT-EventQueue-0] DEBUG org.hibernate.engine.jdbc.spi.SqlStatementLogger:104 - select tela0_.id as id1_20_, tela0_.descricao as descrica2_20_ from chamados.tela tela0_ where tela0_.id=2
2015-10-25 22:18:26,596 [AWT-EventQueue-0] DEBUG org.hibernate.engine.jdbc.spi.SqlStatementLogger:104 - select count(*) as col_0_0_ from chamados.tela tela0_ where tela0_.descricao>='a' and tela0_.descricao<='ZZZZZZZZZZZ'
2015-10-25 22:18:26,596 [AWT-EventQueue-0] DEBUG org.hibernate.engine.jdbc.spi.SqlStatementLogger:104 - select tela0_.id as id1_20_, tela0_.descricao as descrica2_20_ from chamados.tela tela0_ where tela0_.descricao>='a' and tela0_.descricao<='ZZZZZZZZZZZ'
2015-10-25 22:18:28,284 [AWT-EventQueue-0] DEBUG org.hibernate.engine.jdbc.spi.SqlStatementLogger:104 - select tela0_.id as id1_20_, tela0_.descricao as descrica2_20_ from chamados.tela tela0_ where tela0_.id=3
2015-10-25 22:18:29,315 [AWT-EventQueue-0] DEBUG org.hibernate.engine.jdbc.spi.SqlStatementLogger:104 - select count(*) as col_0_0_ from chamados.tela tela0_ where tela0_.descricao>='a' and tela0_.descricao<='ZZZZZZZZZZZ'
2015-10-25 22:18:29,315 [AWT-EventQueue-0] DEBUG org.hibernate.engine.jdbc.spi.SqlStatementLogger:104 - select tela0_.id as id1_20_, tela0_.descricao as descrica2_20_ from chamados.tela tela0_ where tela0_.descricao>='a' and tela0_.descricao<='ZZZZZZZZZZZ'
2015-10-25 22:18:30,768 [AWT-EventQueue-0] DEBUG org.hibernate.engine.jdbc.spi.SqlStatementLogger:104 - select tela0_.id as id1_20_, tela0_.descricao as descrica2_20_ from chamados.tela tela0_ where tela0_.id=4
2015-10-25 22:18:40,944 [AWT-EventQueue-0] DEBUG org.hibernate.engine.jdbc.spi.SqlStatementLogger:104 - select tela0_.id as id1_20_, tela0_.descricao as descrica2_20_ from chamados.tela tela0_ where tela0_.id=4
2015-10-25 22:18:40,960 [AWT-EventQueue-0] DEBUG org.hibernate.engine.jdbc.spi.SqlStatementLogger:104 - select count(*) as col_0_0_ from chamados.permissoes permissoes0_ where tela_id=4
2015-10-25 22:18:40,976 [AWT-EventQueue-0] DEBUG org.hibernate.engine.jdbc.spi.SqlStatementLogger:104 - select permissoes0_.id as id1_15_, permissoes0_.tela_id as tela_id2_15_, permissoes0_.usuario_id as usuario_3_15_, permissoes0_.alterar as alterar4_15_, permissoes0_.inserir as inserir5_15_, permissoes0_.deletar as deletar6_15_, permissoes0_.consultar as consulta7_15_ from chamados.permissoes permissoes0_ where tela_id=4
2015-10-25 22:18:40,991 [AWT-EventQueue-0] DEBUG org.hibernate.engine.jdbc.spi.SqlStatementLogger:104 - select funcionari0_.usuario_id as usuario_6_21_1_, funcionari0_.id as id1_10_1_, funcionari0_.id as id1_10_0_, funcionari0_.empresa_id as empresa_2_10_0_, funcionari0_.funcao_id as funcao_i3_10_0_, funcionari0_.pessoa_id as pessoa_i4_10_0_, funcionari0_.setor_id as setor_id5_10_0_, funcionari0_.usuario_id as usuario_6_10_0_, funcionari0_.data_admicao as data_adm7_10_0_, funcionari0_.data_desligamento as data_des8_10_0_ from chamados.funcionario funcionari0_ where funcionari0_.usuario_id=?
2015-10-25 22:18:41,022 [AWT-EventQueue-0] DEBUG org.hibernate.engine.jdbc.spi.SqlStatementLogger:104 - select pessoa0_.id as id1_16_0_, pessoa0_.cidade_id as cidade_i2_16_0_, pessoa0_.nome as nome3_16_0_, pessoa0_.idade as idade4_16_0_, pessoa0_.data_nascimento as data_nas5_16_0_, pessoa0_.email as email6_16_0_, pessoa0_.telefone as telefone7_16_0_, pessoa0_.cpf as cpf8_16_0_, pessoa0_.rg as rg9_16_0_ from chamados.pessoa pessoa0_ where pessoa0_.id=?
2015-10-25 22:18:46,413 [AWT-EventQueue-0] DEBUG org.hibernate.engine.jdbc.spi.SqlStatementLogger:104 - select tela0_.id as id1_20_, tela0_.descricao as descrica2_20_ from chamados.tela tela0_ where tela0_.id=1
2015-10-25 22:18:46,429 [AWT-EventQueue-0] DEBUG org.hibernate.engine.jdbc.spi.SqlStatementLogger:104 - select count(*) as col_0_0_ from chamados.permissoes permissoes0_ where tela_id=1
2015-10-25 22:18:46,429 [AWT-EventQueue-0] DEBUG org.hibernate.engine.jdbc.spi.SqlStatementLogger:104 - select permissoes0_.id as id1_15_, permissoes0_.tela_id as tela_id2_15_, permissoes0_.usuario_id as usuario_3_15_, permissoes0_.alterar as alterar4_15_, permissoes0_.inserir as inserir5_15_, permissoes0_.deletar as deletar6_15_, permissoes0_.consultar as consulta7_15_ from chamados.permissoes permissoes0_ where tela_id=1
2015-10-25 22:18:58,971 [AWT-EventQueue-0] DEBUG org.hibernate.engine.jdbc.spi.SqlStatementLogger:104 - select tela0_.id as id1_20_, tela0_.descricao as descrica2_20_ from chamados.tela tela0_ where tela0_.id=2
2015-10-25 22:18:58,986 [AWT-EventQueue-0] DEBUG org.hibernate.engine.jdbc.spi.SqlStatementLogger:104 - select count(*) as col_0_0_ from chamados.permissoes permissoes0_ where tela_id=2
2015-10-25 22:18:59,002 [AWT-EventQueue-0] DEBUG org.hibernate.engine.jdbc.spi.SqlStatementLogger:104 - select permissoes0_.id as id1_15_, permissoes0_.tela_id as tela_id2_15_, permissoes0_.usuario_id as usuario_3_15_, permissoes0_.alterar as alterar4_15_, permissoes0_.inserir as inserir5_15_, permissoes0_.deletar as deletar6_15_, permissoes0_.consultar as consulta7_15_ from chamados.permissoes permissoes0_ where tela_id=2
2015-10-25 22:19:03,704 [AWT-EventQueue-0] DEBUG org.hibernate.engine.jdbc.spi.SqlStatementLogger:104 - select tela0_.id as id1_20_, tela0_.descricao as descrica2_20_ from chamados.tela tela0_ where tela0_.id=4
2015-10-25 22:19:03,704 [AWT-EventQueue-0] DEBUG org.hibernate.engine.jdbc.spi.SqlStatementLogger:104 - select count(*) as col_0_0_ from chamados.permissoes permissoes0_ where tela_id=4
2015-10-25 22:19:03,704 [AWT-EventQueue-0] DEBUG org.hibernate.engine.jdbc.spi.SqlStatementLogger:104 - select permissoes0_.id as id1_15_, permissoes0_.tela_id as tela_id2_15_, permissoes0_.usuario_id as usuario_3_15_, permissoes0_.alterar as alterar4_15_, permissoes0_.inserir as inserir5_15_, permissoes0_.deletar as deletar6_15_, permissoes0_.consultar as consulta7_15_ from chamados.permissoes permissoes0_ where tela_id=4
